{"/home/travis/build/npmtest/node-npmtest-timestream/test.js":{"path":"/home/travis/build/npmtest/node-npmtest-timestream/test.js","s":{"1":2,"2":2,"3":2,"4":2,"5":2,"6":2,"7":2,"8":1,"9":2,"10":2,"11":1,"12":1,"13":1,"14":1,"15":2,"16":2,"17":2,"18":2,"19":1,"20":1,"21":2,"22":2,"23":2,"24":1,"25":1,"26":1,"27":1,"28":1,"29":1,"30":1,"31":1,"32":1,"33":1,"34":1,"35":1,"36":1,"37":1,"38":1,"39":2,"40":2,"41":1,"42":2,"43":2,"44":1,"45":2,"46":2,"47":1,"48":2,"49":2,"50":1,"51":1,"52":1,"53":1,"54":1},"b":{"1":[2,1,1,1],"2":[1,1,1,1],"3":[1,1],"4":[1,1],"5":[1,1],"6":[1,1],"7":[1,1],"8":[1,1],"9":[1,1],"10":[1,1,1],"11":[1,1],"12":[1,1],"13":[1,1],"14":[1,1],"15":[1,1],"16":[1,1],"17":[1,1]},"f":{"1":2,"2":2,"3":2,"4":2,"5":2,"6":1,"7":1,"8":1,"9":2,"10":2,"11":2,"12":2,"13":1},"fnMap":{"1":{"name":"(anonymous_1)","line":12,"loc":{"start":{"line":12,"column":1},"end":{"line":12,"column":13}}},"2":{"name":"(anonymous_2)","line":19,"loc":{"start":{"line":19,"column":5},"end":{"line":19,"column":17}}},"3":{"name":"(anonymous_3)","line":23,"loc":{"start":{"line":23,"column":24},"end":{"line":23,"column":36}}},"4":{"name":"(anonymous_4)","line":61,"loc":{"start":{"line":61,"column":5},"end":{"line":61,"column":17}}},"5":{"name":"(anonymous_5)","line":82,"loc":{"start":{"line":82,"column":5},"end":{"line":82,"column":17}}},"6":{"name":"(anonymous_6)","line":91,"loc":{"start":{"line":91,"column":77},"end":{"line":94,"column":10}}},"7":{"name":"(anonymous_7)","line":112,"loc":{"start":{"line":112,"column":83},"end":{"line":115,"column":10}},"skip":true},"8":{"name":"(anonymous_8)","line":123,"loc":{"start":{"line":123,"column":77},"end":{"line":126,"column":10}},"skip":true},"9":{"name":"(anonymous_9)","line":139,"loc":{"start":{"line":139,"column":12},"end":{"line":139,"column":40}},"skip":true},"10":{"name":"(anonymous_10)","line":147,"loc":{"start":{"line":147,"column":77},"end":{"line":150,"column":10}},"skip":true},"11":{"name":"(anonymous_11)","line":158,"loc":{"start":{"line":158,"column":83},"end":{"line":161,"column":10}},"skip":true},"12":{"name":"(anonymous_12)","line":169,"loc":{"start":{"line":169,"column":79},"end":{"line":172,"column":10}},"skip":true},"13":{"name":"(anonymous_13)","line":180,"loc":{"start":{"line":180,"column":75},"end":{"line":183,"column":10}},"skip":true}},"statementMap":{"1":{"start":{"line":12,"column":0},"end":{"line":195,"column":5}},"2":{"start":{"line":14,"column":4},"end":{"line":14,"column":14}},"3":{"start":{"line":19,"column":4},"end":{"line":56,"column":9}},"4":{"start":{"line":21,"column":8},"end":{"line":21,"column":19}},"5":{"start":{"line":23,"column":8},"end":{"line":35,"column":13}},"6":{"start":{"line":24,"column":12},"end":{"line":34,"column":13}},"7":{"start":{"line":25,"column":16},"end":{"line":28,"column":30}},"8":{"start":{"line":30,"column":16},"end":{"line":33,"column":27}},"9":{"start":{"line":37,"column":8},"end":{"line":39,"column":21}},"10":{"start":{"line":40,"column":8},"end":{"line":53,"column":9}},"11":{"start":{"line":43,"column":12},"end":{"line":46,"column":14}},"12":{"start":{"line":47,"column":12},"end":{"line":47,"column":18}},"13":{"start":{"line":50,"column":12},"end":{"line":51,"column":33}},"14":{"start":{"line":52,"column":12},"end":{"line":52,"column":18}},"15":{"start":{"line":55,"column":8},"end":{"line":55,"column":35}},"16":{"start":{"line":61,"column":4},"end":{"line":63,"column":9}},"17":{"start":{"line":62,"column":8},"end":{"line":62,"column":15}},"18":{"start":{"line":64,"column":4},"end":{"line":77,"column":5}},"19":{"start":{"line":70,"column":8},"end":{"line":70,"column":14}},"20":{"start":{"line":76,"column":8},"end":{"line":76,"column":14}},"21":{"start":{"line":82,"column":4},"end":{"line":84,"column":9}},"22":{"start":{"line":83,"column":8},"end":{"line":83,"column":15}},"23":{"start":{"line":85,"column":4},"end":{"line":194,"column":5}},"24":{"start":{"line":91,"column":8},"end":{"line":99,"column":10}},"25":{"start":{"line":98,"column":12},"end":{"line":98,"column":35}},"26":{"start":{"line":102,"column":8},"end":{"line":104,"column":63}},"27":{"start":{"line":105,"column":8},"end":{"line":105,"column":14}},"28":{"start":{"line":112,"column":8},"end":{"line":121,"column":10},"skip":true},"29":{"start":{"line":119,"column":12},"end":{"line":119,"column":55},"skip":true},"30":{"start":{"line":120,"column":12},"end":{"line":120,"column":48},"skip":true},"31":{"start":{"line":123,"column":8},"end":{"line":136,"column":10},"skip":true},"32":{"start":{"line":130,"column":12},"end":{"line":130,"column":76},"skip":true},"33":{"start":{"line":131,"column":12},"end":{"line":131,"column":73},"skip":true},"34":{"start":{"line":132,"column":12},"end":{"line":132,"column":74},"skip":true},"35":{"start":{"line":133,"column":12},"end":{"line":133,"column":79},"skip":true},"36":{"start":{"line":134,"column":12},"end":{"line":134,"column":25},"skip":true},"37":{"start":{"line":135,"column":12},"end":{"line":135,"column":45},"skip":true},"38":{"start":{"line":138,"column":8},"end":{"line":145,"column":14},"skip":true},"39":{"start":{"line":143,"column":16},"end":{"line":143,"column":29},"skip":true},"40":{"start":{"line":144,"column":16},"end":{"line":144,"column":55},"skip":true},"41":{"start":{"line":147,"column":8},"end":{"line":156,"column":10},"skip":true},"42":{"start":{"line":154,"column":12},"end":{"line":154,"column":25},"skip":true},"43":{"start":{"line":155,"column":12},"end":{"line":155,"column":45},"skip":true},"44":{"start":{"line":158,"column":8},"end":{"line":167,"column":10},"skip":true},"45":{"start":{"line":165,"column":12},"end":{"line":165,"column":25},"skip":true},"46":{"start":{"line":166,"column":12},"end":{"line":166,"column":48},"skip":true},"47":{"start":{"line":169,"column":8},"end":{"line":178,"column":10},"skip":true},"48":{"start":{"line":176,"column":12},"end":{"line":176,"column":25},"skip":true},"49":{"start":{"line":177,"column":12},"end":{"line":177,"column":46},"skip":true},"50":{"start":{"line":180,"column":8},"end":{"line":189,"column":10},"skip":true},"51":{"start":{"line":187,"column":12},"end":{"line":187,"column":94},"skip":true},"52":{"start":{"line":188,"column":12},"end":{"line":188,"column":48},"skip":true},"53":{"start":{"line":192,"column":8},"end":{"line":192,"column":35},"skip":true},"54":{"start":{"line":193,"column":8},"end":{"line":193,"column":14},"skip":true}},"branchMap":{"1":{"line":25,"type":"binary-expr","locations":[{"start":{"line":25,"column":23},"end":{"line":25,"column":62}},{"start":{"line":26,"column":20},"end":{"line":26,"column":70}},{"start":{"line":27,"column":20},"end":{"line":27,"column":71}},{"start":{"line":28,"column":20},"end":{"line":28,"column":29}}]},"2":{"line":30,"type":"binary-expr","locations":[{"start":{"line":30,"column":23},"end":{"line":30,"column":37}},{"start":{"line":31,"column":20},"end":{"line":31,"column":61}},{"start":{"line":32,"column":20},"end":{"line":32,"column":70}},{"start":{"line":33,"column":20},"end":{"line":33,"column":26}}]},"3":{"line":37,"type":"cond-expr","locations":[{"start":{"line":38,"column":14},"end":{"line":38,"column":20}},{"start":{"line":39,"column":14},"end":{"line":39,"column":20}}]},"4":{"line":40,"type":"switch","locations":[{"start":{"line":42,"column":8},"end":{"line":47,"column":18}},{"start":{"line":49,"column":8},"end":{"line":52,"column":18}}]},"5":{"line":44,"type":"binary-expr","locations":[{"start":{"line":44,"column":16},"end":{"line":44,"column":44}},{"start":{"line":44,"column":48},"end":{"line":44,"column":66}}]},"6":{"line":50,"type":"binary-expr","locations":[{"start":{"line":50,"column":21},"end":{"line":50,"column":49}},{"start":{"line":50,"column":53},"end":{"line":50,"column":72}}]},"7":{"line":64,"type":"switch","locations":[{"start":{"line":69,"column":4},"end":{"line":70,"column":14}},{"start":{"line":75,"column":4},"end":{"line":76,"column":14}}]},"8":{"line":85,"type":"switch","locations":[{"start":{"line":90,"column":4},"end":{"line":105,"column":14}},{"start":{"line":111,"column":4},"end":{"line":193,"column":14},"skip":true}]},"9":{"line":91,"type":"binary-expr","locations":[{"start":{"line":91,"column":42},"end":{"line":91,"column":73}},{"start":{"line":91,"column":77},"end":{"line":99,"column":9}}]},"10":{"line":102,"type":"binary-expr","locations":[{"start":{"line":102,"column":18},"end":{"line":102,"column":32}},{"start":{"line":103,"column":12},"end":{"line":103,"column":53}},{"start":{"line":104,"column":12},"end":{"line":104,"column":61}}]},"11":{"line":112,"type":"binary-expr","locations":[{"start":{"line":112,"column":45},"end":{"line":112,"column":79},"skip":true},{"start":{"line":112,"column":83},"end":{"line":121,"column":9},"skip":true}]},"12":{"line":123,"type":"binary-expr","locations":[{"start":{"line":123,"column":42},"end":{"line":123,"column":73},"skip":true},{"start":{"line":123,"column":77},"end":{"line":136,"column":9},"skip":true}]},"13":{"line":138,"type":"binary-expr","locations":[{"start":{"line":138,"column":48},"end":{"line":138,"column":85},"skip":true},{"start":{"line":139,"column":12},"end":{"line":145,"column":13},"skip":true}]},"14":{"line":147,"type":"binary-expr","locations":[{"start":{"line":147,"column":42},"end":{"line":147,"column":73},"skip":true},{"start":{"line":147,"column":77},"end":{"line":156,"column":9},"skip":true}]},"15":{"line":158,"type":"binary-expr","locations":[{"start":{"line":158,"column":45},"end":{"line":158,"column":79},"skip":true},{"start":{"line":158,"column":83},"end":{"line":167,"column":9},"skip":true}]},"16":{"line":169,"type":"binary-expr","locations":[{"start":{"line":169,"column":43},"end":{"line":169,"column":75},"skip":true},{"start":{"line":169,"column":79},"end":{"line":178,"column":9},"skip":true}]},"17":{"line":180,"type":"binary-expr","locations":[{"start":{"line":180,"column":41},"end":{"line":180,"column":71},"skip":true},{"start":{"line":180,"column":75},"end":{"line":189,"column":9},"skip":true}]}},"code":["/* istanbul instrument in package npmtest_timestream */","/*jslint","    bitwise: true,","    browser: true,","    maxerr: 8,","    maxlen: 96,","    node: true,","    nomen: true,","    regexp: true,","    stupid: true","*/","(function () {","    'use strict';","    var local;","","","","    // run shared js-env code - init-before","    (function () {","        // init local","        local = {};","        // init modeJs","        local.modeJs = (function () {","            try {","                return typeof navigator.userAgent === 'string' &&","                    typeof document.querySelector('body') === 'object' &&","                    typeof XMLHttpRequest.prototype.open === 'function' &&","                    'browser';","            } catch (errorCaughtBrowser) {","                return module.exports &&","                    typeof process.versions.node === 'string' &&","                    typeof require('http').createServer === 'function' &&","                    'node';","            }","        }());","        // init global","        local.global = local.modeJs === 'browser'","            ? window","            : global;","        switch (local.modeJs) {","        // re-init local from window.local","        case 'browser':","            local = local.global.utility2.objectSetDefault(","                local.global.utility2_rollup || local.global.local,","                local.global.utility2","            );","            break;","        // re-init local from example.js","        case 'node':","            local = (local.global.utility2_rollup || require('utility2'))","                .requireReadme();","            break;","        }","        // export local","        local.global.local = local;","    }());","","","","    // run shared js-env code - function","    (function () {","        return;","    }());","    switch (local.modeJs) {","","","","    // run browser js-env code - function","    case 'browser':","        break;","","","","    // run node js-env code - function","    case 'node':","        break;","    }","","","","    // run shared js-env code - init-after","    (function () {","        return;","    }());","    switch (local.modeJs) {","","","","    // run browser js-env code - init-after","    case 'browser':","        local.testCase_browser_nullCase = local.testCase_browser_nullCase || function (","            options,","            onError","        ) {","        /*","         * this function will test browsers's null-case handling-behavior-behavior","         */","            onError(null, options);","        };","","        // run tests","        local.nop(local.modeTest &&","            document.querySelector('#testRunButton1') &&","            document.querySelector('#testRunButton1').click());","        break;","","","","    // run node js-env code - init-after","    /* istanbul ignore next */","    case 'node':","        local.testCase_buildApidoc_default = local.testCase_buildApidoc_default || function (","            options,","            onError","        ) {","        /*","         * this function will test buildApidoc's default handling-behavior-behavior","         */","            options = { modulePathList: module.paths };","            local.buildApidoc(options, onError);","        };","","        local.testCase_buildApp_default = local.testCase_buildApp_default || function (","            options,","            onError","        ) {","        /*","         * this function will test buildApp's default handling-behavior-behavior","         */","            local.testCase_buildReadme_default(options, local.onErrorThrow);","            local.testCase_buildLib_default(options, local.onErrorThrow);","            local.testCase_buildTest_default(options, local.onErrorThrow);","            local.testCase_buildCustomOrg_default(options, local.onErrorThrow);","            options = [];","            local.buildApp(options, onError);","        };","","        local.testCase_buildCustomOrg_default = local.testCase_buildCustomOrg_default ||","            function (options, onError) {","            /*","             * this function will test buildCustomOrg's default handling-behavior","             */","                options = {};","                local.buildCustomOrg(options, onError);","            };","","        local.testCase_buildLib_default = local.testCase_buildLib_default || function (","            options,","            onError","        ) {","        /*","         * this function will test buildLib's default handling-behavior","         */","            options = {};","            local.buildLib(options, onError);","        };","","        local.testCase_buildReadme_default = local.testCase_buildReadme_default || function (","            options,","            onError","        ) {","        /*","         * this function will test buildReadme's default handling-behavior-behavior","         */","            options = {};","            local.buildReadme(options, onError);","        };","","        local.testCase_buildTest_default = local.testCase_buildTest_default || function (","            options,","            onError","        ) {","        /*","         * this function will test buildTest's default handling-behavior","         */","            options = {};","            local.buildTest(options, onError);","        };","","        local.testCase_webpage_default = local.testCase_webpage_default || function (","            options,","            onError","        ) {","        /*","         * this function will test webpage's default handling-behavior","         */","            options = { modeCoverageMerge: true, url: local.serverLocalHost + '?modeTest=1' };","            local.browserTest(options, onError);","        };","","        // run test-server","        local.testRunServer(local);","        break;","    }","}());",""],"l":{"12":2,"14":2,"19":2,"21":2,"23":2,"24":2,"25":2,"30":1,"37":2,"40":2,"43":1,"47":1,"50":1,"52":1,"55":2,"61":2,"62":2,"64":2,"70":1,"76":1,"82":2,"83":2,"85":2,"91":1,"98":1,"102":1,"105":1,"112":1,"119":1,"120":1,"123":1,"130":1,"131":1,"132":1,"133":1,"134":1,"135":1,"138":1,"143":2,"144":2,"147":1,"154":2,"155":2,"158":1,"165":2,"166":2,"169":1,"176":2,"177":2,"180":1,"187":1,"188":1,"192":1,"193":1}},"/home/travis/build/npmtest/node-npmtest-timestream/lib.npmtest_timestream.js":{"path":"/home/travis/build/npmtest/node-npmtest-timestream/lib.npmtest_timestream.js","s":{"1":2,"2":2,"3":2,"4":2,"5":2,"6":2,"7":2,"8":1,"9":2,"10":2,"11":2,"12":2,"13":1,"14":1,"15":1,"16":1},"b":{"1":[2,1,1,1],"2":[1,1,1,1],"3":[1,1],"4":[2,2],"5":[1,1]},"f":{"1":2,"2":2,"3":2},"fnMap":{"1":{"name":"(anonymous_1)","line":12,"loc":{"start":{"line":12,"column":1},"end":{"line":12,"column":13}}},"2":{"name":"(anonymous_2)","line":19,"loc":{"start":{"line":19,"column":5},"end":{"line":19,"column":17}}},"3":{"name":"(anonymous_3)","line":23,"loc":{"start":{"line":23,"column":24},"end":{"line":23,"column":36}}}},"statementMap":{"1":{"start":{"line":12,"column":0},"end":{"line":53,"column":5}},"2":{"start":{"line":14,"column":4},"end":{"line":14,"column":14}},"3":{"start":{"line":19,"column":4},"end":{"line":52,"column":9}},"4":{"start":{"line":21,"column":8},"end":{"line":21,"column":19}},"5":{"start":{"line":23,"column":8},"end":{"line":35,"column":13}},"6":{"start":{"line":24,"column":12},"end":{"line":34,"column":13}},"7":{"start":{"line":25,"column":16},"end":{"line":28,"column":30}},"8":{"start":{"line":30,"column":16},"end":{"line":33,"column":27}},"9":{"start":{"line":37,"column":8},"end":{"line":39,"column":21}},"10":{"start":{"line":41,"column":8},"end":{"line":41,"column":54}},"11":{"start":{"line":43,"column":8},"end":{"line":43,"column":55}},"12":{"start":{"line":45,"column":8},"end":{"line":51,"column":9}},"13":{"start":{"line":46,"column":12},"end":{"line":46,"column":61}},"14":{"start":{"line":48,"column":12},"end":{"line":48,"column":35}},"15":{"start":{"line":49,"column":12},"end":{"line":49,"column":49}},"16":{"start":{"line":50,"column":12},"end":{"line":50,"column":43}}},"branchMap":{"1":{"line":25,"type":"binary-expr","locations":[{"start":{"line":25,"column":23},"end":{"line":25,"column":62}},{"start":{"line":26,"column":20},"end":{"line":26,"column":70}},{"start":{"line":27,"column":20},"end":{"line":27,"column":71}},{"start":{"line":28,"column":20},"end":{"line":28,"column":29}}]},"2":{"line":30,"type":"binary-expr","locations":[{"start":{"line":30,"column":23},"end":{"line":30,"column":37}},{"start":{"line":31,"column":20},"end":{"line":31,"column":61}},{"start":{"line":32,"column":20},"end":{"line":32,"column":70}},{"start":{"line":33,"column":20},"end":{"line":33,"column":26}}]},"3":{"line":37,"type":"cond-expr","locations":[{"start":{"line":38,"column":14},"end":{"line":38,"column":20}},{"start":{"line":39,"column":14},"end":{"line":39,"column":20}}]},"4":{"line":41,"type":"binary-expr","locations":[{"start":{"line":41,"column":16},"end":{"line":41,"column":44}},{"start":{"line":41,"column":48},"end":{"line":41,"column":53}}]},"5":{"line":45,"type":"if","locations":[{"start":{"line":45,"column":8},"end":{"line":45,"column":8}},{"start":{"line":45,"column":8},"end":{"line":45,"column":8}}]}},"code":["/* istanbul instrument in package npmtest_timestream */","/*jslint","    bitwise: true,","    browser: true,","    maxerr: 8,","    maxlen: 96,","    node: true,","    nomen: true,","    regexp: true,","    stupid: true","*/","(function () {","    'use strict';","    var local;","","","","    // run shared js-env code - init-before","    (function () {","        // init local","        local = {};","        // init modeJs","        local.modeJs = (function () {","            try {","                return typeof navigator.userAgent === 'string' &&","                    typeof document.querySelector('body') === 'object' &&","                    typeof XMLHttpRequest.prototype.open === 'function' &&","                    'browser';","            } catch (errorCaughtBrowser) {","                return module.exports &&","                    typeof process.versions.node === 'string' &&","                    typeof require('http').createServer === 'function' &&","                    'node';","            }","        }());","        // init global","        local.global = local.modeJs === 'browser'","            ? window","            : global;","        // init utility2_rollup","        local = local.global.utility2_rollup || local;","        // init lib","        local.local = local.npmtest_timestream = local;","        // init exports","        if (local.modeJs === 'browser') {","            local.global.utility2_npmtest_timestream = local;","        } else {","            module.exports = local;","            module.exports.__dirname = __dirname;","            module.exports.module = module;","        }","    }());","}());",""],"l":{"12":2,"14":2,"19":2,"21":2,"23":2,"24":2,"25":2,"30":1,"37":2,"41":2,"43":2,"45":2,"46":1,"48":1,"49":1,"50":1}},"/home/travis/build/npmtest/node-npmtest-timestream/example.js":{"path":"/home/travis/build/npmtest/node-npmtest-timestream/example.js","s":{"1":2,"2":2,"3":2,"4":2,"5":2,"6":2,"7":2,"8":1,"9":2,"10":2,"11":2,"12":2,"13":1,"14":2,"15":2,"16":2,"17":2,"18":2,"19":0,"20":2,"21":1,"22":1,"23":1,"24":1,"25":1,"26":0,"27":0,"28":1,"29":1,"30":2,"31":0,"32":0,"33":0,"34":1,"35":2,"36":2,"37":3,"38":3,"39":3,"40":3,"41":0,"42":3,"43":3,"44":3,"45":1,"46":3,"47":1,"48":1,"49":1,"50":1,"51":1,"52":1,"53":1,"54":1,"55":1,"56":1,"57":0,"58":1,"59":6,"60":6,"61":1,"62":2,"63":0,"64":2,"65":1,"66":1,"67":0,"68":0,"69":0,"70":0,"71":0,"72":0,"73":0,"74":0,"75":0,"76":0,"77":0,"78":0,"79":0,"80":0,"81":0,"82":0,"83":0},"b":{"1":[2,1,1,1],"2":[1,1,1,1],"3":[1,1],"4":[2,2],"5":[1,1],"6":[1,1],"7":[2,0],"8":[2,1,1,1,1,1],"9":[0,2,0],"10":[1,1],"11":[2,1,1],"12":[1,0],"13":[0,2],"14":[2,0,0,0,0,0,0],"15":[0,3],"16":[3,0],"17":[1,1],"18":[0,1],"19":[1,2,0,2],"20":[1,0],"21":[1,1],"22":[0,0],"23":[0,0],"24":[0,0],"25":[0,0],"26":[0,0],"27":[0,0],"28":[0,0]},"f":{"1":2,"2":2,"3":2,"4":2,"5":2,"6":2,"7":3,"8":3,"9":3,"10":1,"11":6,"12":0},"fnMap":{"1":{"name":"(anonymous_1)","line":26,"loc":{"start":{"line":26,"column":1},"end":{"line":26,"column":13}}},"2":{"name":"(anonymous_2)","line":33,"loc":{"start":{"line":33,"column":5},"end":{"line":33,"column":17}}},"3":{"name":"(anonymous_3)","line":37,"loc":{"start":{"line":37,"column":24},"end":{"line":37,"column":36}}},"4":{"name":"(anonymous_4)","line":69,"loc":{"start":{"line":69,"column":31},"end":{"line":69,"column":48}},"skip":true},"5":{"name":"(anonymous_5)","line":78,"loc":{"start":{"line":78,"column":26},"end":{"line":78,"column":45}},"skip":true},"6":{"name":"(anonymous_6)","line":123,"loc":{"start":{"line":123,"column":33},"end":{"line":123,"column":48}},"skip":true},"7":{"name":"(anonymous_7)","line":125,"loc":{"start":{"line":125,"column":27},"end":{"line":125,"column":39}},"skip":true},"8":{"name":"(anonymous_8)","line":133,"loc":{"start":{"line":133,"column":59},"end":{"line":133,"column":74}},"skip":true},"9":{"name":"(anonymous_9)","line":143,"loc":{"start":{"line":143,"column":45},"end":{"line":143,"column":62}},"skip":true},"10":{"name":"(anonymous_10)","line":144,"loc":{"start":{"line":144,"column":73},"end":{"line":144,"column":92}},"skip":true},"11":{"name":"(anonymous_11)","line":272,"loc":{"start":{"line":272,"column":51},"end":{"line":272,"column":77}},"skip":true},"12":{"name":"(anonymous_12)","line":315,"loc":{"start":{"line":315,"column":32},"end":{"line":315,"column":61}},"skip":true}},"statementMap":{"1":{"start":{"line":26,"column":0},"end":{"line":326,"column":5}},"2":{"start":{"line":28,"column":4},"end":{"line":28,"column":14}},"3":{"start":{"line":33,"column":4},"end":{"line":60,"column":9}},"4":{"start":{"line":35,"column":8},"end":{"line":35,"column":19}},"5":{"start":{"line":37,"column":8},"end":{"line":49,"column":13}},"6":{"start":{"line":38,"column":12},"end":{"line":48,"column":13}},"7":{"start":{"line":39,"column":16},"end":{"line":42,"column":30}},"8":{"start":{"line":44,"column":16},"end":{"line":47,"column":27}},"9":{"start":{"line":51,"column":8},"end":{"line":53,"column":21}},"10":{"start":{"line":55,"column":8},"end":{"line":57,"column":45}},"11":{"start":{"line":59,"column":8},"end":{"line":59,"column":35}},"12":{"start":{"line":61,"column":4},"end":{"line":325,"column":5}},"13":{"start":{"line":69,"column":8},"end":{"line":121,"column":10},"skip":true},"14":{"start":{"line":70,"column":12},"end":{"line":88,"column":13},"skip":true},"15":{"start":{"line":76,"column":16},"end":{"line":87,"column":19},"skip":true},"16":{"start":{"line":79,"column":20},"end":{"line":86,"column":21},"skip":true},"17":{"start":{"line":82,"column":24},"end":{"line":82,"column":43},"skip":true},"18":{"start":{"line":83,"column":24},"end":{"line":83,"column":30},"skip":true},"19":{"start":{"line":85,"column":24},"end":{"line":85,"column":49},"skip":true},"20":{"start":{"line":89,"column":12},"end":{"line":107,"column":13},"skip":true},"21":{"start":{"line":92,"column":16},"end":{"line":102,"column":17},"skip":true},"22":{"start":{"line":93,"column":20},"end":{"line":93,"column":86},"skip":true},"23":{"start":{"line":94,"column":20},"end":{"line":95,"column":45},"skip":true},"24":{"start":{"line":96,"column":20},"end":{"line":96,"column":42},"skip":true},"25":{"start":{"line":97,"column":20},"end":{"line":97,"column":48},"skip":true},"26":{"start":{"line":100,"column":20},"end":{"line":100,"column":85},"skip":true},"27":{"start":{"line":101,"column":20},"end":{"line":101,"column":96},"skip":true},"28":{"start":{"line":103,"column":16},"end":{"line":103,"column":22},"skip":true},"29":{"start":{"line":106,"column":16},"end":{"line":106,"column":22},"skip":true},"30":{"start":{"line":108,"column":12},"end":{"line":120,"column":13},"skip":true},"31":{"start":{"line":114,"column":16},"end":{"line":119,"column":17},"skip":true},"32":{"start":{"line":116,"column":20},"end":{"line":116,"column":78},"skip":true},"33":{"start":{"line":118,"column":20},"end":{"line":118,"column":47},"skip":true},"34":{"start":{"line":123,"column":8},"end":{"line":141,"column":11},"skip":true},"35":{"start":{"line":124,"column":12},"end":{"line":124,"column":54},"skip":true},"36":{"start":{"line":125,"column":12},"end":{"line":140,"column":14},"skip":true},"37":{"start":{"line":126,"column":16},"end":{"line":126,"column":28},"skip":true},"38":{"start":{"line":127,"column":16},"end":{"line":127,"column":69},"skip":true},"39":{"start":{"line":128,"column":16},"end":{"line":128,"column":75},"skip":true},"40":{"start":{"line":129,"column":16},"end":{"line":131,"column":17},"skip":true},"41":{"start":{"line":130,"column":20},"end":{"line":130,"column":27},"skip":true},"42":{"start":{"line":133,"column":16},"end":{"line":137,"column":36},"skip":true},"43":{"start":{"line":134,"column":20},"end":{"line":136,"column":55},"skip":true},"44":{"start":{"line":139,"column":16},"end":{"line":139,"column":57},"skip":true},"45":{"start":{"line":143,"column":8},"end":{"line":147,"column":11},"skip":true},"46":{"start":{"line":144,"column":12},"end":{"line":146,"column":15},"skip":true},"47":{"start":{"line":145,"column":16},"end":{"line":145,"column":70},"skip":true},"48":{"start":{"line":149,"column":8},"end":{"line":149,"column":31},"skip":true},"49":{"start":{"line":150,"column":8},"end":{"line":150,"column":14},"skip":true},"50":{"start":{"line":158,"column":8},"end":{"line":158,"column":31},"skip":true},"51":{"start":{"line":160,"column":8},"end":{"line":160,"column":33},"skip":true},"52":{"start":{"line":161,"column":8},"end":{"line":161,"column":37},"skip":true},"53":{"start":{"line":162,"column":8},"end":{"line":162,"column":35},"skip":true},"54":{"start":{"line":164,"column":8},"end":{"line":164,"column":50},"skip":true},"55":{"start":{"line":166,"column":8},"end":{"line":256,"column":2},"skip":true},"56":{"start":{"line":258,"column":8},"end":{"line":286,"column":9},"skip":true},"57":{"start":{"line":259,"column":12},"end":{"line":269,"column":14},"skip":true},"58":{"start":{"line":271,"column":12},"end":{"line":285,"column":19},"skip":true},"59":{"start":{"line":274,"column":20},"end":{"line":274,"column":35},"skip":true},"60":{"start":{"line":275,"column":20},"end":{"line":284,"column":21},"skip":true},"61":{"start":{"line":277,"column":24},"end":{"line":277,"column":64},"skip":true},"62":{"start":{"line":279,"column":24},"end":{"line":279,"column":40},"skip":true},"63":{"start":{"line":281,"column":24},"end":{"line":281,"column":40},"skip":true},"64":{"start":{"line":283,"column":24},"end":{"line":283,"column":39},"skip":true},"65":{"start":{"line":288,"column":8},"end":{"line":290,"column":9},"skip":true},"66":{"start":{"line":289,"column":12},"end":{"line":289,"column":18},"skip":true},"67":{"start":{"line":291,"column":8},"end":{"line":293,"column":54},"skip":true},"68":{"start":{"line":296,"column":8},"end":{"line":301,"column":37},"skip":true},"69":{"start":{"line":303,"column":8},"end":{"line":303,"column":82},"skip":true},"70":{"start":{"line":306,"column":8},"end":{"line":308,"column":9},"skip":true},"71":{"start":{"line":307,"column":12},"end":{"line":307,"column":82},"skip":true},"72":{"start":{"line":310,"column":8},"end":{"line":312,"column":9},"skip":true},"73":{"start":{"line":311,"column":12},"end":{"line":311,"column":18},"skip":true},"74":{"start":{"line":313,"column":8},"end":{"line":313,"column":54},"skip":true},"75":{"start":{"line":314,"column":8},"end":{"line":314,"column":69},"skip":true},"76":{"start":{"line":315,"column":8},"end":{"line":323,"column":36},"skip":true},"77":{"start":{"line":316,"column":12},"end":{"line":316,"column":61},"skip":true},"78":{"start":{"line":317,"column":12},"end":{"line":320,"column":13},"skip":true},"79":{"start":{"line":318,"column":16},"end":{"line":318,"column":75},"skip":true},"80":{"start":{"line":319,"column":16},"end":{"line":319,"column":23},"skip":true},"81":{"start":{"line":321,"column":12},"end":{"line":321,"column":38},"skip":true},"82":{"start":{"line":322,"column":12},"end":{"line":322,"column":27},"skip":true},"83":{"start":{"line":324,"column":8},"end":{"line":324,"column":14},"skip":true}},"branchMap":{"1":{"line":39,"type":"binary-expr","locations":[{"start":{"line":39,"column":23},"end":{"line":39,"column":62}},{"start":{"line":40,"column":20},"end":{"line":40,"column":70}},{"start":{"line":41,"column":20},"end":{"line":41,"column":71}},{"start":{"line":42,"column":20},"end":{"line":42,"column":29}}]},"2":{"line":44,"type":"binary-expr","locations":[{"start":{"line":44,"column":23},"end":{"line":44,"column":37}},{"start":{"line":45,"column":20},"end":{"line":45,"column":61}},{"start":{"line":46,"column":20},"end":{"line":46,"column":70}},{"start":{"line":47,"column":20},"end":{"line":47,"column":26}}]},"3":{"line":51,"type":"cond-expr","locations":[{"start":{"line":52,"column":14},"end":{"line":52,"column":20}},{"start":{"line":53,"column":14},"end":{"line":53,"column":20}}]},"4":{"line":55,"type":"binary-expr","locations":[{"start":{"line":55,"column":16},"end":{"line":55,"column":44}},{"start":{"line":55,"column":49},"end":{"line":57,"column":43}}]},"5":{"line":55,"type":"cond-expr","locations":[{"start":{"line":56,"column":14},"end":{"line":56,"column":54}},{"start":{"line":57,"column":14},"end":{"line":57,"column":43}}]},"6":{"line":61,"type":"switch","locations":[{"start":{"line":68,"column":4},"end":{"line":150,"column":14},"skip":true},{"start":{"line":156,"column":4},"end":{"line":324,"column":14},"skip":true}]},"7":{"line":70,"type":"if","locations":[{"start":{"line":70,"column":12},"end":{"line":70,"column":12},"skip":true},{"start":{"line":70,"column":12},"end":{"line":70,"column":12},"skip":true}]},"8":{"line":70,"type":"binary-expr","locations":[{"start":{"line":70,"column":16},"end":{"line":70,"column":22},"skip":true},{"start":{"line":70,"column":27},"end":{"line":70,"column":32},"skip":true},{"start":{"line":71,"column":20},"end":{"line":71,"column":39},"skip":true},{"start":{"line":72,"column":20},"end":{"line":72,"column":49},"skip":true},{"start":{"line":73,"column":20},"end":{"line":73,"column":58},"skip":true},{"start":{"line":74,"column":20},"end":{"line":74,"column":69},"skip":true}]},"9":{"line":79,"type":"switch","locations":[{"start":{"line":80,"column":20},"end":{"line":80,"column":33},"skip":true},{"start":{"line":81,"column":20},"end":{"line":83,"column":30},"skip":true},{"start":{"line":84,"column":20},"end":{"line":85,"column":49},"skip":true}]},"10":{"line":89,"type":"switch","locations":[{"start":{"line":90,"column":12},"end":{"line":103,"column":22},"skip":true},{"start":{"line":105,"column":12},"end":{"line":106,"column":22},"skip":true}]},"11":{"line":89,"type":"binary-expr","locations":[{"start":{"line":89,"column":20},"end":{"line":89,"column":25},"skip":true},{"start":{"line":89,"column":29},"end":{"line":89,"column":48},"skip":true},{"start":{"line":89,"column":52},"end":{"line":89,"column":74},"skip":true}]},"12":{"line":92,"type":"if","locations":[{"start":{"line":92,"column":16},"end":{"line":92,"column":16},"skip":true},{"start":{"line":92,"column":16},"end":{"line":92,"column":16},"skip":true}]},"13":{"line":108,"type":"if","locations":[{"start":{"line":108,"column":12},"end":{"line":108,"column":12},"skip":true},{"start":{"line":108,"column":12},"end":{"line":108,"column":12},"skip":true}]},"14":{"line":108,"type":"binary-expr","locations":[{"start":{"line":108,"column":16},"end":{"line":108,"column":61},"skip":true},{"start":{"line":108,"column":66},"end":{"line":108,"column":72},"skip":true},{"start":{"line":108,"column":77},"end":{"line":108,"column":82},"skip":true},{"start":{"line":109,"column":20},"end":{"line":109,"column":39},"skip":true},{"start":{"line":110,"column":20},"end":{"line":110,"column":49},"skip":true},{"start":{"line":111,"column":20},"end":{"line":111,"column":58},"skip":true},{"start":{"line":112,"column":20},"end":{"line":112,"column":68},"skip":true}]},"15":{"line":129,"type":"if","locations":[{"start":{"line":129,"column":16},"end":{"line":129,"column":16},"skip":true},{"start":{"line":129,"column":16},"end":{"line":129,"column":16},"skip":true}]},"16":{"line":134,"type":"cond-expr","locations":[{"start":{"line":135,"column":26},"end":{"line":135,"column":29},"skip":true},{"start":{"line":136,"column":26},"end":{"line":136,"column":54},"skip":true}]},"17":{"line":164,"type":"binary-expr","locations":[{"start":{"line":164,"column":27},"end":{"line":164,"column":43},"skip":true},{"start":{"line":164,"column":47},"end":{"line":164,"column":49},"skip":true}]},"18":{"line":258,"type":"if","locations":[{"start":{"line":258,"column":8},"end":{"line":258,"column":8},"skip":true},{"start":{"line":258,"column":8},"end":{"line":258,"column":8},"skip":true}]},"19":{"line":275,"type":"switch","locations":[{"start":{"line":276,"column":20},"end":{"line":277,"column":64},"skip":true},{"start":{"line":278,"column":20},"end":{"line":279,"column":40},"skip":true},{"start":{"line":280,"column":20},"end":{"line":281,"column":40},"skip":true},{"start":{"line":282,"column":20},"end":{"line":283,"column":39},"skip":true}]},"20":{"line":288,"type":"if","locations":[{"start":{"line":288,"column":8},"end":{"line":288,"column":8},"skip":true},{"start":{"line":288,"column":8},"end":{"line":288,"column":8},"skip":true}]},"21":{"line":288,"type":"binary-expr","locations":[{"start":{"line":288,"column":12},"end":{"line":288,"column":40},"skip":true},{"start":{"line":288,"column":44},"end":{"line":288,"column":67},"skip":true}]},"22":{"line":292,"type":"binary-expr","locations":[{"start":{"line":292,"column":12},"end":{"line":292,"column":50},"skip":true},{"start":{"line":293,"column":12},"end":{"line":293,"column":53},"skip":true}]},"23":{"line":297,"type":"binary-expr","locations":[{"start":{"line":297,"column":12},"end":{"line":297,"column":68},"skip":true},{"start":{"line":298,"column":12},"end":{"line":301,"column":36},"skip":true}]},"24":{"line":303,"type":"binary-expr","locations":[{"start":{"line":303,"column":43},"end":{"line":303,"column":75},"skip":true},{"start":{"line":303,"column":79},"end":{"line":303,"column":81},"skip":true}]},"25":{"line":306,"type":"if","locations":[{"start":{"line":306,"column":8},"end":{"line":306,"column":8},"skip":true},{"start":{"line":306,"column":8},"end":{"line":306,"column":8},"skip":true}]},"26":{"line":310,"type":"if","locations":[{"start":{"line":310,"column":8},"end":{"line":310,"column":8},"skip":true},{"start":{"line":310,"column":8},"end":{"line":310,"column":8},"skip":true}]},"27":{"line":313,"type":"binary-expr","locations":[{"start":{"line":313,"column":27},"end":{"line":313,"column":43},"skip":true},{"start":{"line":313,"column":47},"end":{"line":313,"column":53},"skip":true}]},"28":{"line":317,"type":"if","locations":[{"start":{"line":317,"column":12},"end":{"line":317,"column":12},"skip":true},{"start":{"line":317,"column":12},"end":{"line":317,"column":12},"skip":true}]}},"code":["/*","example.js","","quickstart example","","instruction","    1. save this script as example.js","    2. run the shell command:","        $ npm install npmtest-timestream && PORT=8081 node example.js","    3. play with the browser-demo on http://127.0.0.1:8081","*/","","","","/* istanbul instrument in package npmtest_timestream */","/*jslint","    bitwise: true,","    browser: true,","    maxerr: 8,","    maxlen: 96,","    node: true,","    nomen: true,","    regexp: true,","    stupid: true","*/","(function () {","    'use strict';","    var local;","","","","    // run shared js-env code - init-before","    (function () {","        // init local","        local = {};","        // init modeJs","        local.modeJs = (function () {","            try {","                return typeof navigator.userAgent === 'string' &&","                    typeof document.querySelector('body') === 'object' &&","                    typeof XMLHttpRequest.prototype.open === 'function' &&","                    'browser';","            } catch (errorCaughtBrowser) {","                return module.exports &&","                    typeof process.versions.node === 'string' &&","                    typeof require('http').createServer === 'function' &&","                    'node';","            }","        }());","        // init global","        local.global = local.modeJs === 'browser'","            ? window","            : global;","        // init utility2_rollup","        local = local.global.utility2_rollup || (local.modeJs === 'browser'","            ? local.global.utility2_npmtest_timestream","            : global.utility2_moduleExports);","        // export local","        local.global.local = local;","    }());","    switch (local.modeJs) {","","","","    // init-after","    // run browser js-env code - init-after","    /* istanbul ignore next */","    case 'browser':","        local.testRunBrowser = function (event) {","            if (!event || (event &&","                    event.currentTarget &&","                    event.currentTarget.className &&","                    event.currentTarget.className.includes &&","                    event.currentTarget.className.includes('onreset'))) {","                // reset output","                Array.from(","                    document.querySelectorAll('body > .resettable')","                ).forEach(function (element) {","                    switch (element.tagName) {","                    case 'INPUT':","                    case 'TEXTAREA':","                        element.value = '';","                        break;","                    default:","                        element.textContent = '';","                    }","                });","            }","            switch (event && event.currentTarget && event.currentTarget.id) {","            case 'testRunButton1':","                // show tests","                if (document.querySelector('#testReportDiv1').style.display === 'none') {","                    document.querySelector('#testReportDiv1').style.display = 'block';","                    document.querySelector('#testRunButton1').textContent =","                        'hide internal test';","                    local.modeTest = true;","                    local.testRunDefault(local);","                // hide tests","                } else {","                    document.querySelector('#testReportDiv1').style.display = 'none';","                    document.querySelector('#testRunButton1').textContent = 'run internal test';","                }","                break;","            // custom-case","            default:","                break;","            }","            if (document.querySelector('#inputTextareaEval1') && (!event || (event &&","                    event.currentTarget &&","                    event.currentTarget.className &&","                    event.currentTarget.className.includes &&","                    event.currentTarget.className.includes('oneval')))) {","                // try to eval input-code","                try {","                    /*jslint evil: true*/","                    eval(document.querySelector('#inputTextareaEval1').value);","                } catch (errorCaught) {","                    console.error(errorCaught);","                }","            }","        };","        // log stderr and stdout to #outputTextareaStdout1","        ['error', 'log'].forEach(function (key) {","            console[key + '_original'] = console[key];","            console[key] = function () {","                var element;","                console[key + '_original'].apply(console, arguments);","                element = document.querySelector('#outputTextareaStdout1');","                if (!element) {","                    return;","                }","                // append text to #outputTextareaStdout1","                element.value += Array.from(arguments).map(function (arg) {","                    return typeof arg === 'string'","                        ? arg","                        : JSON.stringify(arg, null, 4);","                }).join(' ') + '\\n';","                // scroll textarea to bottom","                element.scrollTop = element.scrollHeight;","            };","        });","        // init event-handling","        ['change', 'click', 'keyup'].forEach(function (event) {","            Array.from(document.querySelectorAll('.on' + event)).forEach(function (element) {","                element.addEventListener(event, local.testRunBrowser);","            });","        });","        // run tests","        local.testRunBrowser();","        break;","","","","    // run node js-env code - init-after","    /* istanbul ignore next */","    case 'node':","        // export local","        module.exports = local;","        // require modules","        local.fs = require('fs');","        local.http = require('http');","        local.url = require('url');","        // init assets","        local.assetsDict = local.assetsDict || {};","        /* jslint-ignore-begin */","        local.assetsDict['/assets.index.template.html'] = '\\","<!doctype html>\\n\\","<html lang=\"en\">\\n\\","<head>\\n\\","<meta charset=\"UTF-8\">\\n\\","<meta name=\"viewport\" content=\"width=device-width, initial-scale=1\">\\n\\","<title>{{env.npm_package_name}} (v{{env.npm_package_version}})</title>\\n\\","<style>\\n\\","/*csslint\\n\\","    box-sizing: false,\\n\\","    universal-selector: false\\n\\","*/\\n\\","* {\\n\\","    box-sizing: border-box;\\n\\","}\\n\\","body {\\n\\","    background: #dde;\\n\\","    font-family: Arial, Helvetica, sans-serif;\\n\\","    margin: 2rem;\\n\\","}\\n\\","body > * {\\n\\","    margin-bottom: 1rem;\\n\\","}\\n\\",".utility2FooterDiv {\\n\\","    margin-top: 20px;\\n\\","    text-align: center;\\n\\","}\\n\\","</style>\\n\\","<style>\\n\\","/*csslint\\n\\","*/\\n\\","textarea {\\n\\","    font-family: monospace;\\n\\","    height: 10rem;\\n\\","    width: 100%;\\n\\","}\\n\\","textarea[readonly] {\\n\\","    background: #ddd;\\n\\","}\\n\\","</style>\\n\\","</head>\\n\\","<body>\\n\\","<!-- utility2-comment\\n\\","<div id=\"ajaxProgressDiv1\" style=\"background: #d00; height: 2px; left: 0; margin: 0; padding: 0; position: fixed; top: 0; transition: background 0.5s, width 1.5s; width: 25%;\"></div>\\n\\","utility2-comment -->\\n\\","<h1>\\n\\","<!-- utility2-comment\\n\\","    <a\\n\\","        {{#if env.npm_package_homepage}}\\n\\","        href=\"{{env.npm_package_homepage}}\"\\n\\","        {{/if env.npm_package_homepage}}\\n\\","        target=\"_blank\"\\n\\","    >\\n\\","utility2-comment -->\\n\\","        {{env.npm_package_name}} (v{{env.npm_package_version}})\\n\\","<!-- utility2-comment\\n\\","    </a>\\n\\","utility2-comment -->\\n\\","</h1>\\n\\","<h3>{{env.npm_package_description}}</h3>\\n\\","<!-- utility2-comment\\n\\","<h4><a download href=\"assets.app.js\">download standalone app</a></h4>\\n\\","<button class=\"onclick onreset\" id=\"testRunButton1\">run internal test</button><br>\\n\\","<div id=\"testReportDiv1\" style=\"display: none;\"></div>\\n\\","utility2-comment -->\\n\\","\\n\\","\\n\\","\\n\\","<label>stderr and stdout</label>\\n\\","<textarea class=\"resettable\" id=\"outputTextareaStdout1\" readonly></textarea>\\n\\","<!-- utility2-comment\\n\\","{{#if isRollup}}\\n\\","<script src=\"assets.app.js\"></script>\\n\\","{{#unless isRollup}}\\n\\","utility2-comment -->\\n\\","<script src=\"assets.utility2.rollup.js\"></script>\\n\\","<script src=\"jsonp.utility2._stateInit?callback=window.utility2._stateInit\"></script>\\n\\","<script src=\"assets.npmtest_timestream.rollup.js\"></script>\\n\\","<script src=\"assets.example.js\"></script>\\n\\","<script src=\"assets.test.js\"></script>\\n\\","<!-- utility2-comment\\n\\","{{/if isRollup}}\\n\\","utility2-comment -->\\n\\","<div class=\"utility2FooterDiv\">\\n\\","    [ this app was created with\\n\\","    <a href=\"https://github.com/kaizhu256/node-utility2\" target=\"_blank\">utility2</a>\\n\\","    ]\\n\\","</div>\\n\\","</body>\\n\\","</html>\\n\\","';","        /* jslint-ignore-end */","        if (local.templateRender) {","            local.assetsDict['/'] = local.templateRender(","                local.assetsDict['/assets.index.template.html'],","                {","                    env: local.objectSetDefault(local.env, {","                        npm_package_description: 'the greatest app in the world!',","                        npm_package_name: 'my-app',","                        npm_package_nameAlias: 'my_app',","                        npm_package_version: '0.0.1'","                    })","                }","            );","        } else {","            local.assetsDict['/'] = local.assetsDict['/assets.index.template.html']","                .replace((/\\{\\{env\\.(\\w+?)\\}\\}/g), function (match0, match1) {","                    // jslint-hack","                    String(match0);","                    switch (match1) {","                    case 'npm_package_description':","                        return 'the greatest app in the world!';","                    case 'npm_package_name':","                        return 'my-app';","                    case 'npm_package_nameAlias':","                        return 'my_app';","                    case 'npm_package_version':","                        return '0.0.1';","                    }","                });","        }","        // run the cli","        if (local.global.utility2_rollup || module !== require.main) {","            break;","        }","        local.assetsDict['/assets.example.js'] =","            local.assetsDict['/assets.example.js'] ||","            local.fs.readFileSync(__filename, 'utf8');","        // bug-workaround - long $npm_package_buildCustomOrg","        /* jslint-ignore-begin */","        local.assetsDict['/assets.npmtest_timestream.rollup.js'] =","            local.assetsDict['/assets.npmtest_timestream.rollup.js'] ||","            local.fs.readFileSync(","                local.npmtest_timestream.__dirname + '/lib.npmtest_timestream.js',","                'utf8'","            ).replace((/^#!/), '//');","        /* jslint-ignore-end */","        local.assetsDict['/favicon.ico'] = local.assetsDict['/favicon.ico'] || '';","        // if $npm_config_timeout_exit exists,","        // then exit this process after $npm_config_timeout_exit ms","        if (Number(process.env.npm_config_timeout_exit)) {","            setTimeout(process.exit, Number(process.env.npm_config_timeout_exit));","        }","        // start server","        if (local.global.utility2_serverHttp1) {","            break;","        }","        process.env.PORT = process.env.PORT || '8081';","        console.error('server starting on port ' + process.env.PORT);","        local.http.createServer(function (request, response) {","            request.urlParsed = local.url.parse(request.url);","            if (local.assetsDict[request.urlParsed.pathname] !== undefined) {","                response.end(local.assetsDict[request.urlParsed.pathname]);","                return;","            }","            response.statusCode = 404;","            response.end();","        }).listen(process.env.PORT);","        break;","    }","}());",""],"l":{"26":2,"28":2,"33":2,"35":2,"37":2,"38":2,"39":2,"44":1,"51":2,"55":2,"59":2,"61":2,"69":1,"70":2,"76":2,"79":2,"82":2,"83":2,"85":1,"89":2,"92":1,"93":1,"94":1,"96":1,"97":1,"100":1,"101":1,"103":1,"106":1,"108":2,"114":1,"116":1,"118":1,"123":1,"124":2,"125":2,"126":3,"127":3,"128":3,"129":3,"130":1,"133":3,"134":3,"139":3,"143":1,"144":3,"145":1,"149":1,"150":1,"158":1,"160":1,"161":1,"162":1,"164":1,"166":1,"258":1,"259":1,"271":1,"274":6,"275":6,"277":1,"279":2,"281":1,"283":2,"288":1,"289":1,"291":1,"296":1,"303":1,"306":1,"307":1,"310":1,"311":1,"313":1,"314":1,"315":1,"316":1,"317":1,"318":1,"319":1,"321":1,"322":1,"324":1}},"/home/travis/build/npmtest/node-npmtest-timestream/node_modules/timestream/timestream.js":{"path":"/home/travis/build/npmtest/node-npmtest-timestream/node_modules/timestream/timestream.js","s":{"1":1,"2":1,"3":1,"4":1,"5":1,"6":1,"7":1,"8":1,"9":1,"10":1,"11":1,"12":1,"13":1,"14":0,"15":0,"16":0,"17":0,"18":0,"19":1,"20":0,"21":1,"22":0,"23":1,"24":0,"25":1,"26":0,"27":1,"28":0,"29":1,"30":0,"31":1,"32":0,"33":1,"34":0,"35":1,"36":0,"37":1,"38":0,"39":1,"40":0,"41":1,"42":0,"43":1,"44":0,"45":1,"46":0,"47":1,"48":0,"49":1,"50":0,"51":1,"52":0,"53":1,"54":0,"55":1,"56":0,"57":1,"58":0,"59":1,"60":0,"61":1,"62":0,"63":1,"64":0,"65":1,"66":0,"67":1,"68":0,"69":1,"70":0,"71":1,"72":0,"73":1,"74":0,"75":1,"76":0,"77":1,"78":0,"79":1,"80":0,"81":1,"82":0,"83":1,"84":0,"85":1,"86":0,"87":1,"88":0,"89":1,"90":0,"91":1,"92":0,"93":1,"94":0,"95":1,"96":0,"97":1,"98":0,"99":1,"100":0,"101":1,"102":0,"103":1,"104":0,"105":1,"106":0,"107":1,"108":0,"109":1,"110":0,"111":1,"112":0,"113":1,"114":0,"115":1,"116":0,"117":1,"118":0,"119":1,"120":0,"121":1,"122":0,"123":1,"124":0,"125":1,"126":0,"127":1,"128":0,"129":1,"130":0,"131":1,"132":0,"133":1,"134":0},"b":{"1":[0,0]},"f":{"1":0,"2":0,"3":0,"4":0,"5":0,"6":0,"7":0,"8":0,"9":0,"10":0,"11":0,"12":0,"13":0,"14":0,"15":0,"16":0,"17":0,"18":0,"19":0,"20":0,"21":0,"22":0,"23":0,"24":0,"25":0,"26":0,"27":0,"28":0,"29":0,"30":0,"31":0,"32":0,"33":0,"34":0,"35":0,"36":0,"37":0,"38":0,"39":0,"40":0,"41":0,"42":0,"43":0,"44":0,"45":0,"46":0,"47":0,"48":0,"49":0,"50":0,"51":0,"52":0,"53":0,"54":0,"55":0,"56":0,"57":0,"58":0,"59":0},"fnMap":{"1":{"name":"Timestream","line":19,"loc":{"start":{"line":19,"column":0},"end":{"line":19,"column":28}}},"2":{"name":"(anonymous_2)","line":27,"loc":{"start":{"line":27,"column":28},"end":{"line":27,"column":55}}},"3":{"name":"(anonymous_3)","line":31,"loc":{"start":{"line":31,"column":28},"end":{"line":31,"column":42}}},"4":{"name":"(anonymous_4)","line":35,"loc":{"start":{"line":35,"column":31},"end":{"line":35,"column":45}}},"5":{"name":"(anonymous_5)","line":41,"loc":{"start":{"line":41,"column":29},"end":{"line":41,"column":46}}},"6":{"name":"(anonymous_6)","line":45,"loc":{"start":{"line":45,"column":28},"end":{"line":45,"column":45}}},"7":{"name":"(anonymous_7)","line":49,"loc":{"start":{"line":49,"column":33},"end":{"line":49,"column":50}}},"8":{"name":"(anonymous_8)","line":53,"loc":{"start":{"line":53,"column":34},"end":{"line":53,"column":51}}},"9":{"name":"(anonymous_9)","line":57,"loc":{"start":{"line":57,"column":28},"end":{"line":57,"column":45}}},"10":{"name":"(anonymous_10)","line":61,"loc":{"start":{"line":61,"column":29},"end":{"line":61,"column":54}}},"11":{"name":"(anonymous_11)","line":67,"loc":{"start":{"line":67,"column":28},"end":{"line":67,"column":42}}},"12":{"name":"(anonymous_12)","line":71,"loc":{"start":{"line":71,"column":28},"end":{"line":71,"column":40}}},"13":{"name":"(anonymous_13)","line":75,"loc":{"start":{"line":75,"column":29},"end":{"line":75,"column":41}}},"14":{"name":"(anonymous_14)","line":79,"loc":{"start":{"line":79,"column":29},"end":{"line":79,"column":50}}},"15":{"name":"(anonymous_15)","line":83,"loc":{"start":{"line":83,"column":27},"end":{"line":83,"column":39}}},"16":{"name":"(anonymous_16)","line":87,"loc":{"start":{"line":87,"column":27},"end":{"line":87,"column":39}}},"17":{"name":"(anonymous_17)","line":91,"loc":{"start":{"line":91,"column":27},"end":{"line":91,"column":39}}},"18":{"name":"(anonymous_18)","line":95,"loc":{"start":{"line":95,"column":27},"end":{"line":95,"column":45}}},"19":{"name":"(anonymous_19)","line":99,"loc":{"start":{"line":99,"column":28},"end":{"line":99,"column":40}}},"20":{"name":"(anonymous_20)","line":103,"loc":{"start":{"line":103,"column":27},"end":{"line":103,"column":39}}},"21":{"name":"(anonymous_21)","line":107,"loc":{"start":{"line":107,"column":27},"end":{"line":107,"column":39}}},"22":{"name":"(anonymous_22)","line":111,"loc":{"start":{"line":111,"column":28},"end":{"line":111,"column":46}}},"23":{"name":"(anonymous_23)","line":115,"loc":{"start":{"line":115,"column":29},"end":{"line":115,"column":47}}},"24":{"name":"(anonymous_24)","line":119,"loc":{"start":{"line":119,"column":29},"end":{"line":119,"column":47}}},"25":{"name":"(anonymous_25)","line":123,"loc":{"start":{"line":123,"column":30},"end":{"line":123,"column":48}}},"26":{"name":"(anonymous_26)","line":127,"loc":{"start":{"line":127,"column":31},"end":{"line":127,"column":43}}},"27":{"name":"(anonymous_27)","line":131,"loc":{"start":{"line":131,"column":26},"end":{"line":131,"column":38}}},"28":{"name":"(anonymous_28)","line":135,"loc":{"start":{"line":135,"column":30},"end":{"line":135,"column":42}}},"29":{"name":"(anonymous_29)","line":139,"loc":{"start":{"line":139,"column":27},"end":{"line":139,"column":40}}},"30":{"name":"(anonymous_30)","line":143,"loc":{"start":{"line":143,"column":28},"end":{"line":143,"column":44}}},"31":{"name":"(anonymous_31)","line":147,"loc":{"start":{"line":147,"column":26},"end":{"line":147,"column":38}}},"32":{"name":"(anonymous_32)","line":151,"loc":{"start":{"line":151,"column":28},"end":{"line":151,"column":50}}},"33":{"name":"(anonymous_33)","line":155,"loc":{"start":{"line":155,"column":30},"end":{"line":155,"column":50}}},"34":{"name":"(anonymous_34)","line":159,"loc":{"start":{"line":159,"column":31},"end":{"line":159,"column":43}}},"35":{"name":"(anonymous_35)","line":163,"loc":{"start":{"line":163,"column":31},"end":{"line":163,"column":43}}},"36":{"name":"(anonymous_36)","line":167,"loc":{"start":{"line":167,"column":28},"end":{"line":167,"column":40}}},"37":{"name":"(anonymous_37)","line":171,"loc":{"start":{"line":171,"column":29},"end":{"line":171,"column":47}}},"38":{"name":"(anonymous_38)","line":175,"loc":{"start":{"line":175,"column":27},"end":{"line":175,"column":41}}},"39":{"name":"(anonymous_39)","line":181,"loc":{"start":{"line":181,"column":29},"end":{"line":181,"column":51}}},"40":{"name":"(anonymous_40)","line":185,"loc":{"start":{"line":185,"column":29},"end":{"line":185,"column":42}}},"41":{"name":"(anonymous_41)","line":189,"loc":{"start":{"line":189,"column":29},"end":{"line":189,"column":42}}},"42":{"name":"(anonymous_42)","line":193,"loc":{"start":{"line":193,"column":29},"end":{"line":193,"column":41}}},"43":{"name":"(anonymous_43)","line":197,"loc":{"start":{"line":197,"column":30},"end":{"line":197,"column":44}}},"44":{"name":"(anonymous_44)","line":202,"loc":{"start":{"line":202,"column":27},"end":{"line":202,"column":44}}},"45":{"name":"(anonymous_45)","line":206,"loc":{"start":{"line":206,"column":28},"end":{"line":206,"column":45}}},"46":{"name":"(anonymous_46)","line":210,"loc":{"start":{"line":210,"column":28},"end":{"line":210,"column":45}}},"47":{"name":"(anonymous_47)","line":214,"loc":{"start":{"line":214,"column":30},"end":{"line":214,"column":47}}},"48":{"name":"(anonymous_48)","line":218,"loc":{"start":{"line":218,"column":32},"end":{"line":218,"column":49}}},"49":{"name":"(anonymous_49)","line":222,"loc":{"start":{"line":222,"column":29},"end":{"line":222,"column":46}}},"50":{"name":"(anonymous_50)","line":226,"loc":{"start":{"line":226,"column":34},"end":{"line":226,"column":60}}},"51":{"name":"(anonymous_51)","line":230,"loc":{"start":{"line":230,"column":27},"end":{"line":230,"column":44}}},"52":{"name":"(anonymous_52)","line":234,"loc":{"start":{"line":234,"column":27},"end":{"line":234,"column":44}}},"53":{"name":"(anonymous_53)","line":238,"loc":{"start":{"line":238,"column":29},"end":{"line":238,"column":46}}},"54":{"name":"(anonymous_54)","line":242,"loc":{"start":{"line":242,"column":29},"end":{"line":242,"column":46}}},"55":{"name":"(anonymous_55)","line":246,"loc":{"start":{"line":246,"column":28},"end":{"line":246,"column":45}}},"56":{"name":"(anonymous_56)","line":250,"loc":{"start":{"line":250,"column":30},"end":{"line":250,"column":47}}},"57":{"name":"gen","line":257,"loc":{"start":{"line":257,"column":0},"end":{"line":257,"column":22}}},"58":{"name":"rand","line":261,"loc":{"start":{"line":261,"column":0},"end":{"line":261,"column":23}}},"59":{"name":"one","line":265,"loc":{"start":{"line":265,"column":0},"end":{"line":265,"column":25}}}},"statementMap":{"1":{"start":{"line":1,"column":0},"end":{"line":1,"column":27}},"2":{"start":{"line":2,"column":0},"end":{"line":2,"column":38}},"3":{"start":{"line":3,"column":0},"end":{"line":3,"column":24}},"4":{"start":{"line":4,"column":0},"end":{"line":4,"column":26}},"5":{"start":{"line":5,"column":0},"end":{"line":5,"column":24}},"6":{"start":{"line":9,"column":0},"end":{"line":9,"column":42}},"7":{"start":{"line":10,"column":0},"end":{"line":10,"column":35}},"8":{"start":{"line":11,"column":0},"end":{"line":11,"column":35}},"9":{"start":{"line":12,"column":0},"end":{"line":12,"column":43}},"10":{"start":{"line":13,"column":0},"end":{"line":13,"column":43}},"11":{"start":{"line":15,"column":0},"end":{"line":15,"column":34}},"12":{"start":{"line":17,"column":0},"end":{"line":17,"column":17}},"13":{"start":{"line":19,"column":0},"end":{"line":25,"column":1}},"14":{"start":{"line":20,"column":2},"end":{"line":20,"column":66}},"15":{"start":{"line":20,"column":37},"end":{"line":20,"column":66}},"16":{"start":{"line":21,"column":2},"end":{"line":21,"column":22}},"17":{"start":{"line":22,"column":2},"end":{"line":22,"column":22}},"18":{"start":{"line":24,"column":2},"end":{"line":24,"column":44}},"19":{"start":{"line":27,"column":0},"end":{"line":29,"column":1}},"20":{"start":{"line":28,"column":2},"end":{"line":28,"column":54}},"21":{"start":{"line":31,"column":0},"end":{"line":33,"column":1}},"22":{"start":{"line":32,"column":2},"end":{"line":32,"column":64}},"23":{"start":{"line":35,"column":0},"end":{"line":37,"column":1}},"24":{"start":{"line":36,"column":2},"end":{"line":36,"column":66}},"25":{"start":{"line":41,"column":0},"end":{"line":43,"column":1}},"26":{"start":{"line":42,"column":2},"end":{"line":42,"column":65}},"27":{"start":{"line":45,"column":0},"end":{"line":47,"column":1}},"28":{"start":{"line":46,"column":2},"end":{"line":46,"column":64}},"29":{"start":{"line":49,"column":0},"end":{"line":51,"column":1}},"30":{"start":{"line":50,"column":2},"end":{"line":50,"column":69}},"31":{"start":{"line":53,"column":0},"end":{"line":55,"column":1}},"32":{"start":{"line":54,"column":2},"end":{"line":54,"column":70}},"33":{"start":{"line":57,"column":0},"end":{"line":59,"column":1}},"34":{"start":{"line":58,"column":2},"end":{"line":58,"column":64}},"35":{"start":{"line":61,"column":0},"end":{"line":63,"column":1}},"36":{"start":{"line":62,"column":2},"end":{"line":62,"column":73}},"37":{"start":{"line":67,"column":0},"end":{"line":69,"column":1}},"38":{"start":{"line":68,"column":2},"end":{"line":68,"column":64}},"39":{"start":{"line":71,"column":0},"end":{"line":73,"column":1}},"40":{"start":{"line":72,"column":2},"end":{"line":72,"column":60}},"41":{"start":{"line":75,"column":0},"end":{"line":77,"column":1}},"42":{"start":{"line":76,"column":2},"end":{"line":76,"column":61}},"43":{"start":{"line":79,"column":0},"end":{"line":81,"column":1}},"44":{"start":{"line":80,"column":2},"end":{"line":80,"column":72}},"45":{"start":{"line":83,"column":0},"end":{"line":85,"column":1}},"46":{"start":{"line":84,"column":2},"end":{"line":84,"column":59}},"47":{"start":{"line":87,"column":0},"end":{"line":89,"column":1}},"48":{"start":{"line":88,"column":2},"end":{"line":88,"column":59}},"49":{"start":{"line":91,"column":0},"end":{"line":93,"column":1}},"50":{"start":{"line":92,"column":2},"end":{"line":92,"column":59}},"51":{"start":{"line":95,"column":0},"end":{"line":97,"column":1}},"52":{"start":{"line":96,"column":2},"end":{"line":96,"column":67}},"53":{"start":{"line":99,"column":0},"end":{"line":101,"column":1}},"54":{"start":{"line":100,"column":2},"end":{"line":100,"column":60}},"55":{"start":{"line":103,"column":0},"end":{"line":105,"column":1}},"56":{"start":{"line":104,"column":2},"end":{"line":104,"column":59}},"57":{"start":{"line":107,"column":0},"end":{"line":109,"column":1}},"58":{"start":{"line":108,"column":2},"end":{"line":108,"column":59}},"59":{"start":{"line":111,"column":0},"end":{"line":113,"column":1}},"60":{"start":{"line":112,"column":2},"end":{"line":112,"column":68}},"61":{"start":{"line":115,"column":0},"end":{"line":117,"column":1}},"62":{"start":{"line":116,"column":2},"end":{"line":116,"column":69}},"63":{"start":{"line":119,"column":0},"end":{"line":121,"column":1}},"64":{"start":{"line":120,"column":2},"end":{"line":120,"column":69}},"65":{"start":{"line":123,"column":0},"end":{"line":125,"column":1}},"66":{"start":{"line":124,"column":2},"end":{"line":124,"column":70}},"67":{"start":{"line":127,"column":0},"end":{"line":129,"column":1}},"68":{"start":{"line":128,"column":2},"end":{"line":128,"column":63}},"69":{"start":{"line":131,"column":0},"end":{"line":133,"column":1}},"70":{"start":{"line":132,"column":2},"end":{"line":132,"column":58}},"71":{"start":{"line":135,"column":0},"end":{"line":137,"column":1}},"72":{"start":{"line":136,"column":2},"end":{"line":136,"column":62}},"73":{"start":{"line":139,"column":0},"end":{"line":141,"column":1}},"74":{"start":{"line":140,"column":2},"end":{"line":140,"column":62}},"75":{"start":{"line":143,"column":0},"end":{"line":145,"column":1}},"76":{"start":{"line":144,"column":2},"end":{"line":144,"column":66}},"77":{"start":{"line":147,"column":0},"end":{"line":149,"column":1}},"78":{"start":{"line":148,"column":2},"end":{"line":148,"column":58}},"79":{"start":{"line":151,"column":0},"end":{"line":153,"column":1}},"80":{"start":{"line":152,"column":2},"end":{"line":152,"column":72}},"81":{"start":{"line":155,"column":0},"end":{"line":157,"column":1}},"82":{"start":{"line":156,"column":2},"end":{"line":156,"column":59}},"83":{"start":{"line":159,"column":0},"end":{"line":161,"column":1}},"84":{"start":{"line":160,"column":2},"end":{"line":160,"column":63}},"85":{"start":{"line":163,"column":0},"end":{"line":165,"column":1}},"86":{"start":{"line":164,"column":2},"end":{"line":164,"column":52}},"87":{"start":{"line":167,"column":0},"end":{"line":169,"column":1}},"88":{"start":{"line":168,"column":2},"end":{"line":168,"column":49}},"89":{"start":{"line":171,"column":0},"end":{"line":173,"column":1}},"90":{"start":{"line":172,"column":2},"end":{"line":172,"column":69}},"91":{"start":{"line":175,"column":0},"end":{"line":177,"column":1}},"92":{"start":{"line":176,"column":2},"end":{"line":176,"column":50}},"93":{"start":{"line":181,"column":0},"end":{"line":183,"column":1}},"94":{"start":{"line":182,"column":2},"end":{"line":182,"column":77}},"95":{"start":{"line":185,"column":0},"end":{"line":187,"column":1}},"96":{"start":{"line":186,"column":2},"end":{"line":186,"column":55}},"97":{"start":{"line":189,"column":0},"end":{"line":191,"column":1}},"98":{"start":{"line":190,"column":2},"end":{"line":190,"column":55}},"99":{"start":{"line":193,"column":0},"end":{"line":195,"column":1}},"100":{"start":{"line":194,"column":2},"end":{"line":194,"column":54}},"101":{"start":{"line":197,"column":0},"end":{"line":199,"column":1}},"102":{"start":{"line":198,"column":2},"end":{"line":198,"column":57}},"103":{"start":{"line":202,"column":0},"end":{"line":204,"column":1}},"104":{"start":{"line":203,"column":2},"end":{"line":203,"column":67}},"105":{"start":{"line":206,"column":0},"end":{"line":208,"column":1}},"106":{"start":{"line":207,"column":2},"end":{"line":207,"column":68}},"107":{"start":{"line":210,"column":0},"end":{"line":212,"column":1}},"108":{"start":{"line":211,"column":2},"end":{"line":211,"column":68}},"109":{"start":{"line":214,"column":0},"end":{"line":216,"column":1}},"110":{"start":{"line":215,"column":2},"end":{"line":215,"column":70}},"111":{"start":{"line":218,"column":0},"end":{"line":220,"column":1}},"112":{"start":{"line":219,"column":2},"end":{"line":219,"column":72}},"113":{"start":{"line":222,"column":0},"end":{"line":224,"column":1}},"114":{"start":{"line":223,"column":2},"end":{"line":223,"column":69}},"115":{"start":{"line":226,"column":0},"end":{"line":228,"column":1}},"116":{"start":{"line":227,"column":2},"end":{"line":227,"column":83}},"117":{"start":{"line":230,"column":0},"end":{"line":232,"column":1}},"118":{"start":{"line":231,"column":2},"end":{"line":231,"column":67}},"119":{"start":{"line":234,"column":0},"end":{"line":236,"column":1}},"120":{"start":{"line":235,"column":2},"end":{"line":235,"column":67}},"121":{"start":{"line":238,"column":0},"end":{"line":240,"column":1}},"122":{"start":{"line":239,"column":2},"end":{"line":239,"column":69}},"123":{"start":{"line":242,"column":0},"end":{"line":244,"column":1}},"124":{"start":{"line":243,"column":2},"end":{"line":243,"column":69}},"125":{"start":{"line":246,"column":0},"end":{"line":248,"column":1}},"126":{"start":{"line":247,"column":2},"end":{"line":247,"column":68}},"127":{"start":{"line":250,"column":0},"end":{"line":252,"column":1}},"128":{"start":{"line":251,"column":2},"end":{"line":251,"column":70}},"129":{"start":{"line":257,"column":0},"end":{"line":259,"column":1}},"130":{"start":{"line":258,"column":2},"end":{"line":258,"column":44}},"131":{"start":{"line":261,"column":0},"end":{"line":263,"column":1}},"132":{"start":{"line":262,"column":2},"end":{"line":262,"column":45}},"133":{"start":{"line":265,"column":0},"end":{"line":267,"column":1}},"134":{"start":{"line":266,"column":2},"end":{"line":266,"column":47}}},"branchMap":{"1":{"line":20,"type":"if","locations":[{"start":{"line":20,"column":2},"end":{"line":20,"column":2}},{"start":{"line":20,"column":2},"end":{"line":20,"column":2}}]}},"code":["module.exports = Timestream","module.exports.Timestream = Timestream","module.exports.gen = gen","module.exports.rand = rand","module.exports.one = one","","// TODO explain plans?","","var generators = require(\"timestream-gen\")","var joins = require(\"stream-joins\")","var ops = require(\"timestream-ops\")","var filters = require(\"timestream-filters\")","var aggs = require(\"timestream-aggregates\")","","var terminus = require(\"terminus\")","","var seqKey = \"_t\"","","function Timestream(stream) {","  if (!(this instanceof Timestream)) return new Timestream(stream)","  this.seqKey = seqKey","  this.stream = stream","","  this.on = this.stream.on.bind(this.stream)","}","","Timestream.prototype.pipe = function (stream, options) {","  return Timestream(this.stream.pipe(stream, options))","}","","Timestream.prototype.tail = function (fn) {","  return this.stream.pipe(terminus.tail({objectMode: true}, fn))","}","","Timestream.prototype.toArray = function (fn) {","  return this.stream.pipe(terminus.concat({objectMode: true}, fn))","}","","/* JOINS */","","Timestream.prototype.union = function (right) {","  return Timestream(joins.union(this.seqKey, this.stream, right))","}","","Timestream.prototype.join = function (right) {","  return Timestream(joins.join(this.seqKey, this.stream, right))","}","","Timestream.prototype.intersect = function (right) {","  return Timestream(joins.intersect(this.seqKey, this.stream, right))","}","","Timestream.prototype.complement = function (right) {","  return Timestream(joins.complement(this.seqKey, this.stream, right))","}","","Timestream.prototype.diff = function (right) {","  return Timestream(joins.diff(this.seqKey, this.stream, right))","}","","Timestream.prototype.where = function (filter, right) {","  return Timestream(joins.where(this.seqKey, filter, this.stream, right))","}","","/* OPS */","","Timestream.prototype.each = function (fn) {","  return Timestream(this.stream.pipe(ops.each(this.seqKey, fn)))","}","","Timestream.prototype.ceil = function () {","  return Timestream(this.stream.pipe(ops.ceil(this.seqKey)))","}","","Timestream.prototype.floor = function () {","  return Timestream(this.stream.pipe(ops.floor(this.seqKey)))","}","","Timestream.prototype.round = function (precision) {","  return Timestream(this.stream.pipe(ops.round(this.seqKey, precision)))","}","","Timestream.prototype.abs = function () {","  return Timestream(this.stream.pipe(ops.abs(this.seqKey)))","}","","Timestream.prototype.log = function () {","  return Timestream(this.stream.pipe(ops.log(this.seqKey)))","}","","Timestream.prototype.exp = function () {","  return Timestream(this.stream.pipe(ops.exp(this.seqKey)))","}","","Timestream.prototype.pow = function (factor) {","  return Timestream(this.stream.pipe(ops.pow(this.seqKey, factor)))","}","","Timestream.prototype.sqrt = function () {","  return Timestream(this.stream.pipe(ops.sqrt(this.seqKey)))","}","","Timestream.prototype.sin = function () {","  return Timestream(this.stream.pipe(ops.sin(this.seqKey)))","}","","Timestream.prototype.cos = function () {","  return Timestream(this.stream.pipe(ops.cos(this.seqKey)))","}","","Timestream.prototype.plus = function (addend) {","  return Timestream(this.stream.pipe(ops.plus(this.seqKey, addend)))","}","","Timestream.prototype.minus = function (addend) {","  return Timestream(this.stream.pipe(ops.minus(this.seqKey, addend)))","}","","Timestream.prototype.times = function (factor) {","  return Timestream(this.stream.pipe(ops.times(this.seqKey, factor)))","}","","Timestream.prototype.divide = function (factor) {","  return Timestream(this.stream.pipe(ops.divide(this.seqKey, factor)))","}","","Timestream.prototype.elapsed = function () {","  return Timestream(this.stream.pipe(ops.elapsed(this.seqKey)))","}","","Timestream.prototype.dt = function () {","  return Timestream(this.stream.pipe(ops.dt(this.seqKey)))","}","","Timestream.prototype.cumsum = function () {","  return Timestream(this.stream.pipe(ops.cumsum(this.seqKey)))","}","","Timestream.prototype.sma = function (n) {","  return Timestream(this.stream.pipe(ops.sma(this.seqKey, n)))","}","","Timestream.prototype.keep = function (keys) {","  return Timestream(this.stream.pipe(ops.keep(this.seqKey, keys)))","}","","Timestream.prototype.dt = function () {","  return Timestream(this.stream.pipe(ops.dt(this.seqKey)))","}","","Timestream.prototype.into = function (path, name) {","  return Timestream(this.stream.pipe(ops.into(this.seqKey, path, name)))","}","","Timestream.prototype.rename = function (from, to) {","  return Timestream(this.stream.pipe(ops.rename(from, to)))","}","","Timestream.prototype.numbers = function () {","  return Timestream(this.stream.pipe(ops.numbers(this.seqKey)))","}","","Timestream.prototype.flatten = function () {","  return Timestream(this.stream.pipe(ops.flatten()))","}","","Timestream.prototype.nest = function () {","  return Timestream(this.stream.pipe(ops.nest()))","}","","Timestream.prototype.slide = function (amount) {","  return Timestream(this.stream.pipe(ops.slide(this.seqKey, amount)))","}","","Timestream.prototype.map = function (fn) {","  return Timestream(this.stream.pipe(ops.map(fn)))","}","","/* FILTERS */","","Timestream.prototype.range = function (start, end) {","  return Timestream(this.stream.pipe(filters.range(this.seqKey, start, end)))","}","","Timestream.prototype.rtrim = function (n) {","  return Timestream(this.stream.pipe(filters.rtrim(n)))","}","","Timestream.prototype.ltrim = function (n) {","  return Timestream(this.stream.pipe(filters.ltrim(n)))","}","","Timestream.prototype.scrub = function () {","  return Timestream(this.stream.pipe(filters.scrub()))","}","","Timestream.prototype.filter = function (fn) {","  return Timestream(this.stream.pipe(filters.filter(fn)))","}","","/* AGGREGATES */","Timestream.prototype.sum = function (slice) {","  return Timestream(this.stream.pipe(aggs.sum(this.seqKey, slice)))","}","","Timestream.prototype.mean = function (slice) {","  return Timestream(this.stream.pipe(aggs.mean(this.seqKey, slice)))","}","","Timestream.prototype.mode = function (slice) {","  return Timestream(this.stream.pipe(aggs.mode(this.seqKey, slice)))","}","","Timestream.prototype.median = function (slice) {","  return Timestream(this.stream.pipe(aggs.median(this.seqKey, slice)))","}","","Timestream.prototype.variance = function (slice) {","  return Timestream(this.stream.pipe(aggs.variance(this.seqKey, slice)))","}","","Timestream.prototype.stdev = function (slice) {","  return Timestream(this.stream.pipe(aggs.stdev(this.seqKey, slice)))","}","","Timestream.prototype.percentile = function (slice, percent) {","  return Timestream(this.stream.pipe(aggs.percentile(this.seqKey, slice, percent)))","}","","Timestream.prototype.min = function (slice) {","  return Timestream(this.stream.pipe(aggs.min(this.seqKey, slice)))","}","","Timestream.prototype.max = function (slice) {","  return Timestream(this.stream.pipe(aggs.max(this.seqKey, slice)))","}","","Timestream.prototype.count = function (slice) {","  return Timestream(this.stream.pipe(aggs.count(this.seqKey, slice)))","}","","Timestream.prototype.first = function (slice) {","  return Timestream(this.stream.pipe(aggs.first(this.seqKey, slice)))","}","","Timestream.prototype.last = function (slice) {","  return Timestream(this.stream.pipe(aggs.last(this.seqKey, slice)))","}","","Timestream.prototype.sample = function (slice) {","  return Timestream(this.stream.pipe(aggs.sample(this.seqKey, slice)))","}","","/* GENERATORS */","","// gen returns an instance of Timestream","function gen(options) {","  return Timestream(generators.gen(options))","}","","function rand(options) {","  return Timestream(generators.rand(options))","}","","function one(ts, record) {","  return Timestream(generators.one(ts, record))","}",""],"l":{"1":1,"2":1,"3":1,"4":1,"5":1,"9":1,"10":1,"11":1,"12":1,"13":1,"15":1,"17":1,"19":1,"20":0,"21":0,"22":0,"24":0,"27":1,"28":0,"31":1,"32":0,"35":1,"36":0,"41":1,"42":0,"45":1,"46":0,"49":1,"50":0,"53":1,"54":0,"57":1,"58":0,"61":1,"62":0,"67":1,"68":0,"71":1,"72":0,"75":1,"76":0,"79":1,"80":0,"83":1,"84":0,"87":1,"88":0,"91":1,"92":0,"95":1,"96":0,"99":1,"100":0,"103":1,"104":0,"107":1,"108":0,"111":1,"112":0,"115":1,"116":0,"119":1,"120":0,"123":1,"124":0,"127":1,"128":0,"131":1,"132":0,"135":1,"136":0,"139":1,"140":0,"143":1,"144":0,"147":1,"148":0,"151":1,"152":0,"155":1,"156":0,"159":1,"160":0,"163":1,"164":0,"167":1,"168":0,"171":1,"172":0,"175":1,"176":0,"181":1,"182":0,"185":1,"186":0,"189":1,"190":0,"193":1,"194":0,"197":1,"198":0,"202":1,"203":0,"206":1,"207":0,"210":1,"211":0,"214":1,"215":0,"218":1,"219":0,"222":1,"223":0,"226":1,"227":0,"230":1,"231":0,"234":1,"235":0,"238":1,"239":0,"242":1,"243":0,"246":1,"247":0,"250":1,"251":0,"257":1,"258":0,"261":1,"262":0,"265":1,"266":0}},"/home/travis/build/npmtest/node-npmtest-timestream/node_modules/timestream-gen/gen.js":{"path":"/home/travis/build/npmtest/node-npmtest-timestream/node_modules/timestream-gen/gen.js","s":{"1":1,"2":1,"3":1,"4":1,"5":1,"6":1,"7":1,"8":0,"9":0,"10":0,"11":0,"12":0,"13":0,"14":0,"15":0,"16":0,"17":0,"18":0,"19":0,"20":0,"21":0,"22":0,"23":0,"24":0,"25":1,"26":0,"27":0,"28":0,"29":0,"30":0,"31":0,"32":0,"33":0,"34":0,"35":0,"36":0,"37":1,"38":0,"39":0,"40":0,"41":0,"42":0,"43":0,"44":1,"45":0,"46":0,"47":0,"48":0,"49":0,"50":0,"51":0,"52":0,"53":0,"54":0,"55":0,"56":0,"57":0,"58":1,"59":0,"60":0,"61":0,"62":0,"63":0,"64":0,"65":0,"66":0,"67":0,"68":0},"b":{"1":[0,0],"2":[0,0],"3":[0,0],"4":[0,0],"5":[0,0],"6":[0,0],"7":[0,0],"8":[0,0],"9":[0,0],"10":[0,0],"11":[0,0],"12":[0,0],"13":[0,0],"14":[0,0],"15":[0,0],"16":[0,0],"17":[0,0],"18":[0,0],"19":[0,0]},"f":{"1":0,"2":0,"3":0,"4":0,"5":0,"6":0,"7":0},"fnMap":{"1":{"name":"gen","line":9,"loc":{"start":{"line":9,"column":0},"end":{"line":9,"column":22}}},"2":{"name":"rand","line":27,"loc":{"start":{"line":27,"column":0},"end":{"line":27,"column":23}}},"3":{"name":"one","line":41,"loc":{"start":{"line":41,"column":0},"end":{"line":41,"column":25}}},"4":{"name":"incr","line":49,"loc":{"start":{"line":49,"column":0},"end":{"line":49,"column":23}}},"5":{"name":"(anonymous_5)","line":56,"loc":{"start":{"line":56,"column":9},"end":{"line":56,"column":21}}},"6":{"name":"random","line":69,"loc":{"start":{"line":69,"column":0},"end":{"line":69,"column":25}}},"7":{"name":"(anonymous_7)","line":73,"loc":{"start":{"line":73,"column":9},"end":{"line":73,"column":21}}}},"statementMap":{"1":{"start":{"line":1,"column":0},"end":{"line":1,"column":20}},"2":{"start":{"line":2,"column":0},"end":{"line":2,"column":24}},"3":{"start":{"line":3,"column":0},"end":{"line":3,"column":24}},"4":{"start":{"line":4,"column":0},"end":{"line":4,"column":26}},"5":{"start":{"line":6,"column":0},"end":{"line":6,"column":37}},"6":{"start":{"line":7,"column":0},"end":{"line":7,"column":34}},"7":{"start":{"line":9,"column":0},"end":{"line":25,"column":1}},"8":{"start":{"line":10,"column":2},"end":{"line":10,"column":55}},"9":{"start":{"line":10,"column":16},"end":{"line":10,"column":55}},"10":{"start":{"line":12,"column":2},"end":{"line":12,"column":84}},"11":{"start":{"line":12,"column":32},"end":{"line":12,"column":84}},"12":{"start":{"line":13,"column":2},"end":{"line":13,"column":84}},"13":{"start":{"line":13,"column":32},"end":{"line":13,"column":84}},"14":{"start":{"line":14,"column":2},"end":{"line":14,"column":87}},"15":{"start":{"line":14,"column":35},"end":{"line":14,"column":87}},"16":{"start":{"line":15,"column":2},"end":{"line":15,"column":89}},"17":{"start":{"line":15,"column":28},"end":{"line":15,"column":89}},"18":{"start":{"line":16,"column":2},"end":{"line":16,"column":100}},"19":{"start":{"line":16,"column":37},"end":{"line":16,"column":100}},"20":{"start":{"line":18,"column":2},"end":{"line":18,"column":36}},"21":{"start":{"line":19,"column":2},"end":{"line":19,"column":67}},"22":{"start":{"line":20,"column":2},"end":{"line":20,"column":73}},"23":{"start":{"line":22,"column":2},"end":{"line":22,"column":31}},"24":{"start":{"line":24,"column":2},"end":{"line":24,"column":46}},"25":{"start":{"line":27,"column":0},"end":{"line":39,"column":1}},"26":{"start":{"line":28,"column":2},"end":{"line":28,"column":56}},"27":{"start":{"line":28,"column":16},"end":
[...]
olumn":7},"end":{"line":193,"column":7}}]},"15":{"line":200,"type":"if","locations":[{"start":{"line":200,"column":2},"end":{"line":200,"column":2}},{"start":{"line":200,"column":2},"end":{"line":200,"column":2}}]},"16":{"line":200,"type":"binary-expr","locations":[{"start":{"line":200,"column":6},"end":{"line":200,"column":23}},{"start":{"line":201,"column":6},"end":{"line":201,"column":35}},{"start":{"line":202,"column":6},"end":{"line":202,"column":31}}]},"17":{"line":213,"type":"if","locations":[{"start":{"line":213,"column":2},"end":{"line":213,"column":2}},{"start":{"line":213,"column":2},"end":{"line":213,"column":2}}]},"18":{"line":215,"type":"cond-expr","locations":[{"start":{"line":215,"column":31},"end":{"line":215,"column":32}},{"start":{"line":215,"column":35},"end":{"line":215,"column":47}}]},"19":{"line":221,"type":"if","locations":[{"start":{"line":221,"column":2},"end":{"line":221,"column":2}},{"start":{"line":221,"column":2},"end":{"line":221,"column":2}}]},"20":{"line":224,"type":"if","locations":[{"start":{"line":224,"column":2},"end":{"line":224,"column":2}},{"start":{"line":224,"column":2},"end":{"line":224,"column":2}}]},"21":{"line":242,"type":"if","locations":[{"start":{"line":242,"column":2},"end":{"line":242,"column":2}},{"start":{"line":242,"column":2},"end":{"line":242,"column":2}}]},"22":{"line":267,"type":"if","locations":[{"start":{"line":267,"column":2},"end":{"line":267,"column":2}},{"start":{"line":267,"column":2},"end":{"line":267,"column":2}}]},"23":{"line":273,"type":"if","locations":[{"start":{"line":273,"column":4},"end":{"line":273,"column":4}},{"start":{"line":273,"column":4},"end":{"line":273,"column":4}}]},"24":{"line":273,"type":"binary-expr","locations":[{"start":{"line":273,"column":8},"end":{"line":273,"column":17}},{"start":{"line":273,"column":21},"end":{"line":273,"column":44}},{"start":{"line":273,"column":48},"end":{"line":273,"column":67}}]},"25":{"line":276,"type":"if","locations":[{"start":{"line":276,"column":4},"end":{"line":276,"column":4}},{"start":{"line":276,"column":4},"end":{"line":276,"column":4}}]},"26":{"line":287,"type":"if","locations":[{"start":{"line":287,"column":2},"end":{"line":287,"column":2}},{"start":{"line":287,"column":2},"end":{"line":287,"column":2}}]},"27":{"line":290,"type":"if","locations":[{"start":{"line":290,"column":2},"end":{"line":290,"column":2}},{"start":{"line":290,"column":2},"end":{"line":290,"column":2}}]},"28":{"line":298,"type":"if","locations":[{"start":{"line":298,"column":2},"end":{"line":298,"column":2}},{"start":{"line":298,"column":2},"end":{"line":298,"column":2}}]},"29":{"line":298,"type":"binary-expr","locations":[{"start":{"line":298,"column":6},"end":{"line":298,"column":24}},{"start":{"line":298,"column":28},"end":{"line":298,"column":43}}]},"30":{"line":314,"type":"cond-expr","locations":[{"start":{"line":314,"column":33},"end":{"line":314,"column":34}},{"start":{"line":314,"column":37},"end":{"line":314,"column":49}}]},"31":{"line":322,"type":"if","locations":[{"start":{"line":322,"column":4},"end":{"line":322,"column":4}},{"start":{"line":322,"column":4},"end":{"line":322,"column":4}}]},"32":{"line":329,"type":"if","locations":[{"start":{"line":329,"column":2},"end":{"line":329,"column":2}},{"start":{"line":329,"column":2},"end":{"line":329,"column":2}}]},"33":{"line":342,"type":"if","locations":[{"start":{"line":342,"column":2},"end":{"line":342,"column":2}},{"start":{"line":342,"column":2},"end":{"line":342,"column":2}}]},"34":{"line":346,"type":"if","locations":[{"start":{"line":346,"column":9},"end":{"line":346,"column":9}},{"start":{"line":346,"column":9},"end":{"line":346,"column":9}}]},"35":{"line":351,"type":"if","locations":[{"start":{"line":351,"column":2},"end":{"line":351,"column":2}},{"start":{"line":351,"column":2},"end":{"line":351,"column":2}}]},"36":{"line":351,"type":"binary-expr","locations":[{"start":{"line":351,"column":6},"end":{"line":351,"column":34}},{"start":{"line":351,"column":38},"end":{"line":351,"column":52}}]},"37":{"line":355,"type":"if","locations":[{"start":{"line":355,"column":2},"end":{"line":355,"column":2}},{"start":{"line":355,"column":2},"end":{"line":355,"column":2}}]},"38":{"line":355,"type":"binary-expr","locations":[{"start":{"line":355,"column":6},"end":{"line":355,"column":19}},{"start":{"line":355,"column":23},"end":{"line":355,"column":38}}]},"39":{"line":361,"type":"binary-expr","locations":[{"start":{"line":361,"column":10},"end":{"line":361,"column":22}},{"start":{"line":362,"column":10},"end":{"line":362,"column":28}},{"start":{"line":363,"column":10},"end":{"line":363,"column":25}},{"start":{"line":364,"column":10},"end":{"line":364,"column":24}}]},"40":{"line":369,"type":"if","locations":[{"start":{"line":369,"column":2},"end":{"line":369,"column":2}},{"start":{"line":369,"column":2},"end":{"line":369,"column":2}}]},"41":{"line":379,"type":"if","locations":[{"start":{"line":379,"column":2},"end":{"line":379,"column":2}},{"start":{"line":379,"column":2},"end":{"line":379,"column":2}}]},"42":{"line":380,"type":"if","locations":[{"start":{"line":380,"column":4},"end":{"line":380,"column":4}},{"start":{"line":380,"column":4},"end":{"line":380,"column":4}}]}},"code":["// Copyright Joyent, Inc. and other Node contributors.","//","// Permission is hereby granted, free of charge, to any person obtaining a","// copy of this software and associated documentation files (the","// \"Software\"), to deal in the Software without restriction, including","// without limitation the rights to use, copy, modify, merge, publish,","// distribute, sublicense, and/or sell copies of the Software, and to permit","// persons to whom the Software is furnished to do so, subject to the","// following conditions:","//","// The above copyright notice and this permission notice shall be included","// in all copies or substantial portions of the Software.","//","// THE SOFTWARE IS PROVIDED \"AS IS\", WITHOUT WARRANTY OF ANY KIND, EXPRESS","// OR IMPLIED, INCLUDING BUT NOT LIMITED TO THE WARRANTIES OF","// MERCHANTABILITY, FITNESS FOR A PARTICULAR PURPOSE AND NONINFRINGEMENT. IN","// NO EVENT SHALL THE AUTHORS OR COPYRIGHT HOLDERS BE LIABLE FOR ANY CLAIM,","// DAMAGES OR OTHER LIABILITY, WHETHER IN AN ACTION OF CONTRACT, TORT OR","// OTHERWISE, ARISING FROM, OUT OF OR IN CONNECTION WITH THE SOFTWARE OR THE","// USE OR OTHER DEALINGS IN THE SOFTWARE.","","// A bit simpler than readable streams.","// Implement an async ._write(chunk, cb), and it'll handle all","// the drain event emission and buffering.","","module.exports = Writable;","","/*<replacement>*/","var Buffer = require('buffer').Buffer;","/*</replacement>*/","","Writable.WritableState = WritableState;","","","/*<replacement>*/","var util = require('core-util-is');","util.inherits = require('inherits');","/*</replacement>*/","","var Stream = require('stream');","","util.inherits(Writable, Stream);","","function WriteReq(chunk, encoding, cb) {","  this.chunk = chunk;","  this.encoding = encoding;","  this.callback = cb;","}","","function WritableState(options, stream) {","  options = options || {};","","  // the point at which write() starts returning false","  // Note: 0 is a valid value, means that we always return false if","  // the entire buffer is not flushed immediately on write()","  var hwm = options.highWaterMark;","  this.highWaterMark = (hwm || hwm === 0) ? hwm : 16 * 1024;","","  // object stream flag to indicate whether or not this stream","  // contains buffers or objects.","  this.objectMode = !!options.objectMode;","","  // cast to ints.","  this.highWaterMark = ~~this.highWaterMark;","","  this.needDrain = false;","  // at the start of calling end()","  this.ending = false;","  // when end() has been called, and returned","  this.ended = false;","  // when 'finish' is emitted","  this.finished = false;","","  // should we decode strings into buffers before passing to _write?","  // this is here so that some node-core streams can optimize string","  // handling at a lower level.","  var noDecode = options.decodeStrings === false;","  this.decodeStrings = !noDecode;","","  // Crypto is kind of old and crusty.  Historically, its default string","  // encoding is 'binary' so we have to make this configurable.","  // Everything else in the universe uses 'utf8', though.","  this.defaultEncoding = options.defaultEncoding || 'utf8';","","  // not an actual buffer we keep track of, but a measurement","  // of how much we're waiting to get pushed to some underlying","  // socket or file.","  this.length = 0;","","  // a flag to see when we're in the middle of a write.","  this.writing = false;","","  // a flag to be able to tell if the onwrite cb is called immediately,","  // or on a later tick.  We set this to true at first, becuase any","  // actions that shouldn't happen until \"later\" should generally also","  // not happen before the first write call.","  this.sync = true;","","  // a flag to know if we're processing previously buffered items, which","  // may call the _write() callback in the same tick, so that we don't","  // end up in an overlapped onwrite situation.","  this.bufferProcessing = false;","","  // the callback that's passed to _write(chunk,cb)","  this.onwrite = function(er) {","    onwrite(stream, er);","  };","","  // the callback that the user supplies to write(chunk,encoding,cb)","  this.writecb = null;","","  // the amount that is being written when _write is called.","  this.writelen = 0;","","  this.buffer = [];","","  // True if the error was already emitted and should not be thrown again","  this.errorEmitted = false;","}","","function Writable(options) {","  var Duplex = require('./_stream_duplex');","","  // Writable ctor is applied to Duplexes, though they're not","  // instanceof Writable, they're instanceof Readable.","  if (!(this instanceof Writable) && !(this instanceof Duplex))","    return new Writable(options);","","  this._writableState = new WritableState(options, this);","","  // legacy.","  this.writable = true;","","  Stream.call(this);","}","","// Otherwise people can pipe Writable streams, which is just wrong.","Writable.prototype.pipe = function() {","  this.emit('error', new Error('Cannot pipe. Not readable.'));","};","","","function writeAfterEnd(stream, state, cb) {","  var er = new Error('write after end');","  // TODO: defer error events consistently everywhere, not just the cb","  stream.emit('error', er);","  process.nextTick(function() {","    cb(er);","  });","}","","// If we get something that is not a buffer, string, null, or undefined,","// and we're not in objectMode, then that's an error.","// Otherwise stream chunks are all considered to be of length=1, and the","// watermarks determine how many objects to keep in the buffer, rather than","// how many bytes or characters.","function validChunk(stream, state, chunk, cb) {","  var valid = true;","  if (!Buffer.isBuffer(chunk) &&","      'string' !== typeof chunk &&","      chunk !== null &&","      chunk !== undefined &&","      !state.objectMode) {","    var er = new TypeError('Invalid non-string/buffer chunk');","    stream.emit('error', er);","    process.nextTick(function() {","      cb(er);","    });","    valid = false;","  }","  return valid;","}","","Writable.prototype.write = function(chunk, encoding, cb) {","  var state = this._writableState;","  var ret = false;","","  if (typeof encoding === 'function') {","    cb = encoding;","    encoding = null;","  }","","  if (Buffer.isBuffer(chunk))","    encoding = 'buffer';","  else if (!encoding)","    encoding = state.defaultEncoding;","","  if (typeof cb !== 'function')","    cb = function() {};","","  if (state.ended)","    writeAfterEnd(this, state, cb);","  else if (validChunk(this, state, chunk, cb))","    ret = writeOrBuffer(this, state, chunk, encoding, cb);","","  return ret;","};","","function decodeChunk(state, chunk, encoding) {","  if (!state.objectMode &&","      state.decodeStrings !== false &&","      typeof chunk === 'string') {","    chunk = new Buffer(chunk, encoding);","  }","  return chunk;","}","","// if we're already writing something, then just put this","// in the queue, and wait our turn.  Otherwise, call _write","// If we return false, then we need a drain event, so set that flag.","function writeOrBuffer(stream, state, chunk, encoding, cb) {","  chunk = decodeChunk(state, chunk, encoding);","  if (Buffer.isBuffer(chunk))","    encoding = 'buffer';","  var len = state.objectMode ? 1 : chunk.length;","","  state.length += len;","","  var ret = state.length < state.highWaterMark;","  // we must ensure that previous needDrain will not be reset to false.","  if (!ret)","    state.needDrain = true;","","  if (state.writing)","    state.buffer.push(new WriteReq(chunk, encoding, cb));","  else","    doWrite(stream, state, len, chunk, encoding, cb);","","  return ret;","}","","function doWrite(stream, state, len, chunk, encoding, cb) {","  state.writelen = len;","  state.writecb = cb;","  state.writing = true;","  state.sync = true;","  stream._write(chunk, encoding, state.onwrite);","  state.sync = false;","}","","function onwriteError(stream, state, sync, er, cb) {","  if (sync)","    process.nextTick(function() {","      cb(er);","    });","  else","    cb(er);","","  stream._writableState.errorEmitted = true;","  stream.emit('error', er);","}","","function onwriteStateUpdate(state) {","  state.writing = false;","  state.writecb = null;","  state.length -= state.writelen;","  state.writelen = 0;","}","","function onwrite(stream, er) {","  var state = stream._writableState;","  var sync = state.sync;","  var cb = state.writecb;","","  onwriteStateUpdate(state);","","  if (er)","    onwriteError(stream, state, sync, er, cb);","  else {","    // Check if we're actually ready to finish, but don't emit yet","    var finished = needFinish(stream, state);","","    if (!finished && !state.bufferProcessing && state.buffer.length)","      clearBuffer(stream, state);","","    if (sync) {","      process.nextTick(function() {","        afterWrite(stream, state, finished, cb);","      });","    } else {","      afterWrite(stream, state, finished, cb);","    }","  }","}","","function afterWrite(stream, state, finished, cb) {","  if (!finished)","    onwriteDrain(stream, state);","  cb();","  if (finished)","    finishMaybe(stream, state);","}","","// Must force callback to be called on nextTick, so that we don't","// emit 'drain' before the write() consumer gets the 'false' return","// value, and has a chance to attach a 'drain' listener.","function onwriteDrain(stream, state) {","  if (state.length === 0 && state.needDrain) {","    state.needDrain = false;","    stream.emit('drain');","  }","}","","","// if there's something in the buffer waiting, then process it","function clearBuffer(stream, state) {","  state.bufferProcessing = true;","","  for (var c = 0; c < state.buffer.length; c++) {","    var entry = state.buffer[c];","    var chunk = entry.chunk;","    var encoding = entry.encoding;","    var cb = entry.callback;","    var len = state.objectMode ? 1 : chunk.length;","","    doWrite(stream, state, len, chunk, encoding, cb);","","    // if we didn't call the onwrite immediately, then","    // it means that we need to wait until it does.","    // also, that means that the chunk and cb are currently","    // being processed, so move the buffer counter past them.","    if (state.writing) {","      c++;","      break;","    }","  }","","  state.bufferProcessing = false;","  if (c < state.buffer.length)","    state.buffer = state.buffer.slice(c);","  else","    state.buffer.length = 0;","}","","Writable.prototype._write = function(chunk, encoding, cb) {","  cb(new Error('not implemented'));","};","","Writable.prototype.end = function(chunk, encoding, cb) {","  var state = this._writableState;","","  if (typeof chunk === 'function') {","    cb = chunk;","    chunk = null;","    encoding = null;","  } else if (typeof encoding === 'function') {","    cb = encoding;","    encoding = null;","  }","","  if (typeof chunk !== 'undefined' && chunk !== null)","    this.write(chunk, encoding);","","  // ignore unnecessary end() calls.","  if (!state.ending && !state.finished)","    endWritable(this, state, cb);","};","","","function needFinish(stream, state) {","  return (state.ending &&","          state.length === 0 &&","          !state.finished &&","          !state.writing);","}","","function finishMaybe(stream, state) {","  var need = needFinish(stream, state);","  if (need) {","    state.finished = true;","    stream.emit('finish');","  }","  return need;","}","","function endWritable(stream, state, cb) {","  state.ending = true;","  finishMaybe(stream, state);","  if (cb) {","    if (state.finished)","      process.nextTick(cb);","    else","      stream.once('finish', cb);","  }","  state.ended = true;","}",""],"l":{"26":1,"29":1,"32":1,"36":1,"37":1,"40":1,"42":1,"44":1,"45":0,"46":0,"47":0,"50":1,"51":0,"56":0,"57":0,"61":0,"64":0,"66":0,"68":0,"70":0,"72":0,"77":0,"78":0,"83":0,"88":0,"91":0,"97":0,"102":0,"105":0,"106":0,"110":0,"113":0,"115":0,"118":0,"121":1,"122":0,"126":0,"127":0,"129":0,"132":0,"134":0,"138":1,"139":0,"143":1,"144":0,"146":0,"147":0,"148":0,"157":1,"158":0,"159":0,"164":0,"165":0,"166":0,"167":0,"169":0,"171":0,"174":1,"175":0,"176":0,"178":0,"179":0,"180":0,"183":0,"184":0,"185":0,"186":0,"188":0,"189":0,"191":0,"192":0,"193":0,"194":0,"196":0,"199":1,"200":0,"203":0,"205":0,"211":1,"212":0,"213":0,"214":0,"215":0,"217":0,"219":0,"221":0,"222":0,"224":0,"225":0,"227":0,"229":0,"232":1,"233":0,"234":0,"235":0,"236":0,"237":0,"238":0,"241":1,"242":0,"243":0,"244":0,"247":0,"249":0,"250":0,"253":1,"254":0,"255":0,"256":0,"257":0,"260":1,"261":0,"262":0,"263":0,"265":0,"267":0,"268":0,"271":0,"273":0,"274":0,"276":0,"277":0,"278":0,"281":0,"286":1,"287":0,"288":0,"289":0,"290":0,"291":0,"297":1,"298":0,"299":0,"300":0,"306":1,"307":0,"309":0,"310":0,"311":0,"312":0,"313":0,"314":0,"316":0,"322":0,"323":0,"324":0,"328":0,"329":0,"330":0,"332":0,"335":1,"336":0,"339":1,"340":0,"342":0,"343":0,"344":0,"345":0,"346":0,"347":0,"348":0,"351":0,"352":0,"355":0,"356":0,"360":1,"361":0,"367":1,"368":0,"369":0,"370":0,"371":0,"373":0,"376":1,"377":0,"378":0,"379":0,"380":0,"381":0,"383":0,"385":0}},"/home/travis/build/npmtest/node-npmtest-timestream/node_modules/timestream-aggregates/node_modules/xtend/index.js":{"path":"/home/travis/build/npmtest/node-npmtest-timestream/node_modules/timestream-aggregates/node_modules/xtend/index.js","s":{"1":1,"2":1,"3":0,"4":0,"5":0,"6":0,"7":0,"8":0,"9":0},"b":{"1":[0,0]},"f":{"1":0},"fnMap":{"1":{"name":"extend","line":3,"loc":{"start":{"line":3,"column":0},"end":{"line":3,"column":18}}}},"statementMap":{"1":{"start":{"line":1,"column":0},"end":{"line":1,"column":23}},"2":{"start":{"line":3,"column":0},"end":{"line":17,"column":1}},"3":{"start":{"line":4,"column":4},"end":{"line":4,"column":19}},"4":{"start":{"line":6,"column":4},"end":{"line":14,"column":5}},"5":{"start":{"line":7,"column":8},"end":{"line":7,"column":33}},"6":{"start":{"line":9,"column":8},"end":{"line":13,"column":9}},"7":{"start":{"line":10,"column":12},"end":{"line":12,"column":13}},"8":{"start":{"line":11,"column":16},"end":{"line":11,"column":41}},"9":{"start":{"line":16,"column":4},"end":{"line":16,"column":17}}},"branchMap":{"1":{"line":10,"type":"if","locations":[{"start":{"line":10,"column":12},"end":{"line":10,"column":12}},{"start":{"line":10,"column":12},"end":{"line":10,"column":12}}]}},"code":["module.exports = extend","","function extend() {","    var target = {}","","    for (var i = 0; i < arguments.length; i++) {","        var source = arguments[i]","","        for (var key in source) {","            if (source.hasOwnProperty(key)) {","                target[key] = source[key]","            }","        }","    }","","    return target","}",""],"l":{"1":1,"3":1,"4":0,"6":0,"7":0,"9":0,"10":0,"11":0,"16":0}}}